<?xml version="1.0" encoding="UTF-8"?>
<coverage generated="1680625982094" clover="3.2.0">
  <project timestamp="1680625982094" name="All files">
    <metrics statements="271" coveredstatements="256" conditionals="128" coveredconditionals="95" methods="46" coveredmethods="42" elements="445" coveredelements="393" complexity="0" loc="271" ncloc="271" packages="7" files="25" classes="25"/>
    <package name="src">
      <metrics statements="90" coveredstatements="80" conditionals="57" coveredconditionals="40" methods="18" coveredmethods="14"/>
      <file name="index.server.ts" path="C:\Data\Projects\tada5hi\repositories\ilingo\src\index.server.ts">
        <metrics statements="5" coveredstatements="5" conditionals="0" coveredconditionals="0" methods="0" coveredmethods="0"/>
        <line num="8" count="1" type="stmt"/>
        <line num="9" count="1" type="stmt"/>
        <line num="10" count="1" type="stmt"/>
        <line num="11" count="1" type="stmt"/>
        <line num="12" count="1" type="stmt"/>
      </file>
      <file name="index.ts" path="C:\Data\Projects\tada5hi\repositories\ilingo\src\index.ts">
        <metrics statements="5" coveredstatements="5" conditionals="0" coveredconditionals="0" methods="0" coveredmethods="0"/>
        <line num="8" count="3" type="stmt"/>
        <line num="9" count="3" type="stmt"/>
        <line num="10" count="3" type="stmt"/>
        <line num="11" count="3" type="stmt"/>
        <line num="12" count="3" type="stmt"/>
      </file>
      <file name="module.ts" path="C:\Data\Projects\tada5hi\repositories\ilingo\src\module.ts">
        <metrics statements="80" coveredstatements="70" conditionals="57" coveredconditionals="40" methods="18" coveredmethods="14"/>
        <line num="8" count="5" type="stmt"/>
        <line num="11" count="5" type="stmt"/>
        <line num="17" count="5" type="stmt"/>
        <line num="29" count="10" type="stmt"/>
        <line num="31" count="10" type="stmt"/>
        <line num="32" count="10" type="stmt"/>
        <line num="34" count="10" type="stmt"/>
        <line num="35" count="10" type="stmt"/>
        <line num="37" count="10" type="stmt"/>
        <line num="43" count="4" type="stmt"/>
        <line num="47" count="32" type="stmt"/>
        <line num="57" count="2" type="stmt"/>
        <line num="58" count="2" type="cond" truecount="2" falsecount="0"/>
        <line num="60" count="2" type="stmt"/>
        <line num="62" count="2" type="stmt"/>
        <line num="72" count="13" type="stmt"/>
        <line num="78" count="13" type="cond" truecount="1" falsecount="0"/>
        <line num="79" count="1" type="cond" truecount="1" falsecount="1"/>
        <line num="82" count="12" type="stmt"/>
        <line num="84" count="12" type="cond" truecount="1" falsecount="0"/>
        <line num="89" count="6" type="stmt"/>
        <line num="92" count="12" type="stmt"/>
        <line num="94" count="12" type="cond" truecount="3" falsecount="1"/>
        <line num="102" count="16" type="stmt"/>
        <line num="108" count="16" type="cond" truecount="1" falsecount="0"/>
        <line num="109" count="1" type="cond" truecount="1" falsecount="1"/>
        <line num="112" count="15" type="stmt"/>
        <line num="114" count="15" type="cond" truecount="1" falsecount="0"/>
        <line num="119" count="5" type="stmt"/>
        <line num="122" count="15" type="stmt"/>
        <line num="124" count="15" type="cond" truecount="3" falsecount="1"/>
        <line num="130" count="29" type="stmt"/>
        <line num="131" count="29" type="stmt"/>
        <line num="133" count="29" type="stmt"/>
        <line num="139" count="27" type="cond" truecount="1" falsecount="1"/>
        <line num="141" count="27" type="cond" truecount="0" falsecount="1"/>
        <line num="145" count="0" type="stmt"/>
        <line num="148" count="27" type="cond" truecount="1" falsecount="0"/>
        <line num="149" count="15" type="stmt"/>
        <line num="155" count="12" type="stmt"/>
        <line num="156" count="12" type="stmt"/>
        <line num="157" count="22" type="cond" truecount="1" falsecount="0"/>
        <line num="158" count="12" type="stmt"/>
        <line num="161" count="22" type="cond" truecount="1" falsecount="1"/>
        <line num="162" count="22" type="cond" truecount="1" falsecount="0"/>
        <line num="163" count="8" type="stmt"/>
        <line num="166" count="14" type="cond" truecount="1" falsecount="0"/>
        <line num="167" count="10" type="stmt"/>
        <line num="171" count="4" type="stmt"/>
        <line num="175" count="29" type="cond" truecount="1" falsecount="1"/>
        <line num="187" count="11" type="cond" truecount="1" falsecount="1"/>
        <line num="189" count="11" type="cond" truecount="2" falsecount="0"/>
        <line num="191" count="11" type="stmt"/>
        <line num="195" count="11" type="cond" truecount="1" falsecount="1"/>
        <line num="197" count="11" type="cond" truecount="1" falsecount="1"/>
        <line num="199" count="11" type="stmt"/>
        <line num="203" count="0" type="stmt"/>
        <line num="209" count="15" type="cond" truecount="1" falsecount="1"/>
        <line num="211" count="15" type="cond" truecount="1" falsecount="0"/>
        <line num="212" count="14" type="stmt"/>
        <line num="215" count="15" type="cond" truecount="1" falsecount="0"/>
        <line num="216" count="14" type="stmt"/>
        <line num="225" count="0" type="cond" truecount="0" falsecount="2"/>
        <line num="227" count="0" type="stmt"/>
        <line num="229" count="0" type="stmt"/>
        <line num="237" count="2" type="cond" truecount="1" falsecount="1"/>
        <line num="239" count="2" type="stmt"/>
        <line num="241" count="2" type="stmt"/>
        <line num="253" count="10" type="cond" truecount="0" falsecount="1"/>
        <line num="254" count="0" type="stmt"/>
        <line num="257" count="10" type="stmt"/>
        <line num="258" count="10" type="stmt"/>
        <line num="259" count="2" type="stmt"/>
        <line num="260" count="2" type="stmt"/>
        <line num="261" count="2" type="cond" truecount="1" falsecount="1"/>
        <line num="262" count="2" type="stmt"/>
        <line num="264" count="0" type="stmt"/>
        <line num="271" count="0" type="stmt"/>
        <line num="275" count="0" type="stmt"/>
        <line num="276" count="0" type="stmt"/>
      </file>
    </package>
    <package name="src.config">
      <metrics statements="21" coveredstatements="21" conditionals="16" coveredconditionals="16" methods="4" coveredmethods="4"/>
      <file name="index.ts" path="C:\Data\Projects\tada5hi\repositories\ilingo\src\config\index.ts">
        <metrics statements="3" coveredstatements="3" conditionals="0" coveredconditionals="0" methods="0" coveredmethods="0"/>
        <line num="8" count="5" type="stmt"/>
        <line num="9" count="5" type="stmt"/>
        <line num="10" count="5" type="stmt"/>
      </file>
      <file name="module.ts" path="C:\Data\Projects\tada5hi\repositories\ilingo\src\config\module.ts">
        <metrics statements="12" coveredstatements="12" conditionals="7" coveredconditionals="7" methods="3" coveredmethods="3"/>
        <line num="9" count="5" type="stmt"/>
        <line num="11" count="5" type="stmt"/>
        <line num="13" count="5" type="stmt"/>
        <line num="14" count="3" type="cond" truecount="2" falsecount="0"/>
        <line num="16" count="3" type="cond" truecount="1" falsecount="0"/>
        <line num="17" count="2" type="stmt"/>
        <line num="20" count="1" type="stmt"/>
        <line num="22" count="1" type="stmt"/>
        <line num="25" count="5" type="stmt"/>
        <line num="26" count="3" type="cond" truecount="2" falsecount="0"/>
        <line num="29" count="5" type="stmt"/>
        <line num="30" count="2" type="cond" truecount="2" falsecount="0"/>
      </file>
      <file name="utils.ts" path="C:\Data\Projects\tada5hi\repositories\ilingo\src\config\utils.ts">
        <metrics statements="6" coveredstatements="6" conditionals="9" coveredconditionals="9" methods="1" coveredmethods="1"/>
        <line num="10" count="5" type="stmt"/>
        <line num="11" count="16" type="cond" truecount="2" falsecount="0"/>
        <line num="13" count="16" type="stmt"/>
        <line num="14" count="16" type="cond" truecount="1" falsecount="0"/>
        <line num="15" count="11" type="cond" truecount="2" falsecount="0"/>
        <line num="20" count="16" type="stmt"/>
      </file>
    </package>
    <package name="src.loader">
      <metrics statements="20" coveredstatements="20" conditionals="6" coveredconditionals="5" methods="3" coveredmethods="3"/>
      <file name="index.ts" path="C:\Data\Projects\tada5hi\repositories\ilingo\src\loader\index.ts">
        <metrics statements="3" coveredstatements="3" conditionals="0" coveredconditionals="0" methods="0" coveredmethods="0"/>
        <line num="8" count="4" type="stmt"/>
        <line num="9" count="4" type="stmt"/>
        <line num="10" count="4" type="stmt"/>
      </file>
      <file name="module.ts" path="C:\Data\Projects\tada5hi\repositories\ilingo\src\loader\module.ts">
        <metrics statements="14" coveredstatements="14" conditionals="4" coveredconditionals="3" methods="2" coveredmethods="2"/>
        <line num="9" count="4" type="stmt"/>
        <line num="12" count="4" type="stmt"/>
        <line num="14" count="4" type="stmt"/>
        <line num="15" count="9" type="cond" truecount="1" falsecount="0"/>
        <line num="17" count="8" type="stmt"/>
        <line num="19" count="8" type="cond" truecount="1" falsecount="0"/>
        <line num="20" count="1" type="stmt"/>
        <line num="23" count="7" type="stmt"/>
        <line num="26" count="4" type="stmt"/>
        <line num="27" count="7" type="cond" truecount="0" falsecount="1"/>
        <line num="29" count="7" type="stmt"/>
        <line num="31" count="7" type="cond" truecount="1" falsecount="0"/>
        <line num="32" count="1" type="stmt"/>
        <line num="35" count="6" type="stmt"/>
      </file>
      <file name="utils.ts" path="C:\Data\Projects\tada5hi\repositories\ilingo\src\loader\utils.ts">
        <metrics statements="3" coveredstatements="3" conditionals="2" coveredconditionals="2" methods="1" coveredmethods="1"/>
        <line num="8" count="4" type="stmt"/>
        <line num="11" count="4" type="stmt"/>
        <line num="12" count="15" type="stmt"/>
      </file>
    </package>
    <package name="src.loader.file-type">
      <metrics statements="28" coveredstatements="24" conditionals="2" coveredconditionals="2" methods="5" coveredmethods="5"/>
      <file name="index.ts" path="C:\Data\Projects\tada5hi\repositories\ilingo\src\loader\file-type\index.ts">
        <metrics statements="2" coveredstatements="2" conditionals="0" coveredconditionals="0" methods="0" coveredmethods="0"/>
        <line num="8" count="4" type="stmt"/>
        <line num="9" count="4" type="stmt"/>
      </file>
      <file name="json.ts" path="C:\Data\Projects\tada5hi\repositories\ilingo\src\loader\file-type\json.ts">
        <metrics statements="11" coveredstatements="9" conditionals="0" coveredconditionals="0" methods="2" coveredmethods="2"/>
        <line num="8" count="4" type="stmt"/>
        <line num="10" count="4" type="stmt"/>
        <line num="11" count="1" type="stmt"/>
        <line num="12" count="1" type="stmt"/>
        <line num="13" count="1" type="stmt"/>
        <line num="15" count="0" type="stmt"/>
        <line num="19" count="4" type="stmt"/>
        <line num="20" count="1" type="stmt"/>
        <line num="21" count="1" type="stmt"/>
        <line num="22" count="1" type="stmt"/>
        <line num="24" count="0" type="stmt"/>
      </file>
      <file name="script.ts" path="C:\Data\Projects\tada5hi\repositories\ilingo\src\loader\file-type\script.ts">
        <metrics statements="15" coveredstatements="13" conditionals="2" coveredconditionals="2" methods="3" coveredmethods="3"/>
        <line num="8" count="4" type="stmt"/>
        <line num="10" count="4" type="stmt"/>
        <line num="11" count="7" type="stmt"/>
        <line num="12" count="7" type="stmt"/>
        <line num="13" count="7" type="cond" truecount="1" falsecount="0"/>
        <line num="14" count="7" type="stmt"/>
        <line num="17" count="7" type="stmt"/>
        <line num="19" count="0" type="stmt"/>
        <line num="23" count="4" type="stmt"/>
        <line num="24" count="6" type="stmt"/>
        <line num="26" count="6" type="stmt"/>
        <line num="27" count="6" type="cond" truecount="1" falsecount="0"/>
        <line num="28" count="3" type="stmt"/>
        <line num="31" count="6" type="stmt"/>
        <line num="33" count="0" type="stmt"/>
      </file>
    </package>
    <package name="src.locator">
      <metrics statements="38" coveredstatements="37" conditionals="12" coveredconditionals="6" methods="4" coveredmethods="4"/>
      <file name="index.ts" path="C:\Data\Projects\tada5hi\repositories\ilingo\src\locator\index.ts">
        <metrics statements="3" coveredstatements="3" conditionals="0" coveredconditionals="0" methods="0" coveredmethods="0"/>
        <line num="8" count="5" type="stmt"/>
        <line num="9" count="5" type="stmt"/>
        <line num="10" count="5" type="stmt"/>
      </file>
      <file name="module.ts" path="C:\Data\Projects\tada5hi\repositories\ilingo\src\locator\module.ts">
        <metrics statements="23" coveredstatements="23" conditionals="0" coveredconditionals="0" methods="2" coveredmethods="2"/>
        <line num="8" count="5" type="stmt"/>
        <line num="9" count="5" type="stmt"/>
        <line num="11" count="5" type="stmt"/>
        <line num="13" count="5" type="stmt"/>
        <line num="17" count="14" type="stmt"/>
        <line num="19" count="14" type="stmt"/>
        <line num="20" count="14" type="stmt"/>
        <line num="22" count="14" type="stmt"/>
        <line num="23" count="30" type="stmt"/>
        <line num="25" count="30" type="stmt"/>
        <line num="26" count="30" type="stmt"/>
        <line num="28" count="11" type="stmt"/>
        <line num="39" count="3" type="stmt"/>
        <line num="42" count="5" type="stmt"/>
        <line num="46" count="13" type="stmt"/>
        <line num="48" count="13" type="stmt"/>
        <line num="49" count="13" type="stmt"/>
        <line num="51" count="13" type="stmt"/>
        <line num="52" count="27" type="stmt"/>
        <line num="54" count="27" type="stmt"/>
        <line num="55" count="27" type="stmt"/>
        <line num="57" count="10" type="stmt"/>
        <line num="68" count="3" type="stmt"/>
      </file>
      <file name="utils.ts" path="C:\Data\Projects\tada5hi\repositories\ilingo\src\locator\utils.ts">
        <metrics statements="12" coveredstatements="11" conditionals="12" coveredconditionals="6" methods="2" coveredmethods="2"/>
        <line num="8" count="5" type="stmt"/>
        <line num="10" count="5" type="stmt"/>
        <line num="12" count="5" type="cond" truecount="0" falsecount="1"/>
        <line num="13" count="27" type="cond" truecount="1" falsecount="1"/>
        <line num="14" count="27" type="cond" truecount="2" falsecount="0"/>
        <line num="15" count="27" type="cond" truecount="1" falsecount="1"/>
        <line num="16" count="27" type="stmt"/>
        <line num="17" count="27" type="cond" truecount="0" falsecount="1"/>
        <line num="18" count="0" type="stmt"/>
        <line num="20" count="27" type="cond" truecount="1" falsecount="1"/>
        <line num="22" count="27" type="cond" truecount="1" falsecount="1"/>
        <line num="25" count="27" type="stmt"/>
      </file>
    </package>
    <package name="src.server">
      <metrics statements="45" coveredstatements="45" conditionals="15" coveredconditionals="9" methods="6" coveredmethods="6"/>
      <file name="helper.ts" path="C:\Data\Projects\tada5hi\repositories\ilingo\src\server\helper.ts">
        <metrics statements="5" coveredstatements="5" conditionals="0" coveredconditionals="0" methods="2" coveredmethods="2"/>
        <line num="8" count="3" type="stmt"/>
        <line num="10" count="3" type="stmt"/>
        <line num="15" count="1" type="stmt"/>
        <line num="19" count="3" type="stmt"/>
        <line num="24" count="1" type="stmt"/>
      </file>
      <file name="index.ts" path="C:\Data\Projects\tada5hi\repositories\ilingo\src\server\index.ts">
        <metrics statements="3" coveredstatements="3" conditionals="0" coveredconditionals="0" methods="0" coveredmethods="0"/>
        <line num="8" count="3" type="stmt"/>
        <line num="9" count="3" type="stmt"/>
        <line num="10" count="3" type="stmt"/>
      </file>
      <file name="module.ts" path="C:\Data\Projects\tada5hi\repositories\ilingo\src\server\module.ts">
        <metrics statements="26" coveredstatements="26" conditionals="12" coveredconditionals="6" methods="3" coveredmethods="3"/>
        <line num="9" count="3" type="stmt"/>
        <line num="10" count="3" type="stmt"/>
        <line num="11" count="3" type="stmt"/>
        <line num="12" count="3" type="stmt"/>
        <line num="14" count="3" type="stmt"/>
        <line num="17" count="10" type="stmt"/>
        <line num="21" count="6" type="cond" truecount="1" falsecount="1"/>
        <line num="24" count="6" type="cond" truecount="0" falsecount="1"/>
        <line num="29" count="6" type="stmt"/>
        <line num="30" count="6" type="stmt"/>
        <line num="32" count="6" type="stmt"/>
        <line num="37" count="6" type="cond" truecount="1" falsecount="0"/>
        <line num="38" count="1" type="stmt"/>
        <line num="41" count="5" type="stmt"/>
        <line num="43" count="5" type="cond" truecount="1" falsecount="1"/>
        <line num="45" count="5" type="stmt"/>
        <line num="49" count="5" type="cond" truecount="1" falsecount="1"/>
        <line num="51" count="5" type="cond" truecount="0" falsecount="1"/>
        <line num="56" count="5" type="stmt"/>
        <line num="57" count="5" type="stmt"/>
        <line num="59" count="5" type="stmt"/>
        <line num="64" count="5" type="cond" truecount="1" falsecount="0"/>
        <line num="65" count="1" type="stmt"/>
        <line num="68" count="4" type="stmt"/>
        <line num="70" count="4" type="cond" truecount="1" falsecount="1"/>
        <line num="72" count="4" type="stmt"/>
      </file>
      <file name="singleton.ts" path="C:\Data\Projects\tada5hi\repositories\ilingo\src\server\singleton.ts">
        <metrics statements="11" coveredstatements="11" conditionals="3" coveredconditionals="3" methods="1" coveredmethods="1"/>
        <line num="8" count="3" type="stmt"/>
        <line num="9" count="3" type="stmt"/>
        <line num="11" count="3" type="stmt"/>
        <line num="13" count="3" type="stmt"/>
        <line num="14" count="4" type="cond" truecount="2" falsecount="0"/>
        <line num="16" count="4" type="cond" truecount="1" falsecount="0"/>
        <line num="17" count="2" type="stmt"/>
        <line num="20" count="2" type="stmt"/>
        <line num="21" count="2" type="stmt"/>
        <line num="23" count="2" type="stmt"/>
        <line num="25" count="2" type="stmt"/>
      </file>
    </package>
    <package name="src.utils">
      <metrics statements="29" coveredstatements="29" conditionals="20" coveredconditionals="17" methods="6" coveredmethods="6"/>
      <file name="args.ts" path="C:\Data\Projects\tada5hi\repositories\ilingo\src\utils\args.ts">
        <metrics statements="8" coveredstatements="8" conditionals="15" coveredconditionals="12" methods="1" coveredmethods="1"/>
        <line num="8" count="8" type="stmt"/>
        <line num="13" count="29" type="cond" truecount="1" falsecount="1"/>
        <line num="14" count="29" type="cond" truecount="2" falsecount="0"/>
        <line num="15" count="29" type="cond" truecount="1" falsecount="1"/>
        <line num="17" count="29" type="cond" truecount="1" falsecount="0"/>
        <line num="21" count="3" type="stmt"/>
        <line num="24" count="26" type="cond" truecount="1" falsecount="1"/>
        <line num="26" count="26" type="stmt"/>
      </file>
      <file name="has-own-property.ts" path="C:\Data\Projects\tada5hi\repositories\ilingo\src\utils\has-own-property.ts">
        <metrics statements="2" coveredstatements="2" conditionals="0" coveredconditionals="0" methods="1" coveredmethods="1"/>
        <line num="9" count="8" type="stmt"/>
        <line num="10" count="13" type="stmt"/>
      </file>
      <file name="identify.ts" path="C:\Data\Projects\tada5hi\repositories\ilingo\src\utils\identify.ts">
        <metrics statements="7" coveredstatements="7" conditionals="1" coveredconditionals="1" methods="1" coveredmethods="1"/>
        <line num="10" count="8" type="stmt"/>
        <line num="11" count="122" type="cond" truecount="1" falsecount="0"/>
        <line num="12" count="7" type="stmt"/>
        <line num="15" count="115" type="stmt"/>
        <line num="16" count="115" type="stmt"/>
        <line num="17" count="115" type="stmt"/>
        <line num="27" count="115" type="stmt"/>
      </file>
      <file name="index.ts" path="C:\Data\Projects\tada5hi\repositories\ilingo\src\utils\index.ts">
        <metrics statements="5" coveredstatements="5" conditionals="0" coveredconditionals="0" methods="0" coveredmethods="0"/>
        <line num="8" count="8" type="stmt"/>
        <line num="9" count="8" type="stmt"/>
        <line num="10" count="8" type="stmt"/>
        <line num="11" count="8" type="stmt"/>
        <line num="12" count="8" type="stmt"/>
      </file>
      <file name="template.ts" path="C:\Data\Projects\tada5hi\repositories\ilingo\src\utils\template.ts">
        <metrics statements="5" coveredstatements="5" conditionals="2" coveredconditionals="2" methods="2" coveredmethods="2"/>
        <line num="8" count="8" type="stmt"/>
        <line num="13" count="31" type="stmt"/>
        <line num="18" count="13" type="cond" truecount="1" falsecount="0"/>
        <line num="19" count="12" type="stmt"/>
        <line num="22" count="1" type="stmt"/>
      </file>
      <file name="to-array.ts" path="C:\Data\Projects\tada5hi\repositories\ilingo\src\utils\to-array.ts">
        <metrics statements="2" coveredstatements="2" conditionals="2" coveredconditionals="2" methods="1" coveredmethods="1"/>
        <line num="8" count="8" type="stmt"/>
        <line num="9" count="27" type="cond" truecount="2" falsecount="0"/>
      </file>
    </package>
  </project>
</coverage>
