{"C:\\Data\\Projects\\tada5hi\\repositories\\ilingo\\src\\index.server.ts": {"path":"C:\\Data\\Projects\\tada5hi\\repositories\\ilingo\\src\\index.server.ts","statementMap":{"0":{"start":{"line":8,"column":0},"end":{"line":8,"column":25}},"1":{"start":{"line":9,"column":0},"end":{"line":9,"column":25}},"2":{"start":{"line":10,"column":0},"end":{"line":10,"column":25}},"3":{"start":{"line":11,"column":0},"end":{"line":11,"column":24}},"4":{"start":{"line":12,"column":0},"end":{"line":12,"column":23}}},"fnMap":{},"branchMap":{},"s":{"0":1,"1":1,"2":1,"3":1,"4":1},"f":{},"b":{}}
,"C:\\Data\\Projects\\tada5hi\\repositories\\ilingo\\src\\index.ts": {"path":"C:\\Data\\Projects\\tada5hi\\repositories\\ilingo\\src\\index.ts","statementMap":{"0":{"start":{"line":8,"column":0},"end":{"line":8,"column":25}},"1":{"start":{"line":9,"column":0},"end":{"line":9,"column":25}},"2":{"start":{"line":10,"column":0},"end":{"line":10,"column":25}},"3":{"start":{"line":11,"column":0},"end":{"line":11,"column":24}},"4":{"start":{"line":12,"column":0},"end":{"line":12,"column":23}}},"fnMap":{},"branchMap":{},"s":{"0":3,"1":3,"2":3,"3":3,"4":3},"f":{},"b":{}}
,"C:\\Data\\Projects\\tada5hi\\repositories\\ilingo\\src\\module.ts": {"path":"C:\\Data\\Projects\\tada5hi\\repositories\\ilingo\\src\\module.ts","statementMap":{"0":{"start":{"line":8,"column":0},"end":{"line":8,"column":39}},"1":{"start":{"line":11,"column":0},"end":{"line":11,"column":null}},"2":{"start":{"line":29,"column":23},"end":{"line":29,"column":41}},"3":{"start":{"line":31,"column":8},"end":{"line":31,"column":24}},"4":{"start":{"line":32,"column":8},"end":{"line":32,"column":25}},"5":{"start":{"line":34,"column":8},"end":{"line":34,"column":44}},"6":{"start":{"line":35,"column":8},"end":{"line":35,"column":36}},"7":{"start":{"line":37,"column":8},"end":{"line":37,"column":36}},"8":{"start":{"line":43,"column":8},"end":{"line":43,"column":26}},"9":{"start":{"line":47,"column":8},"end":{"line":47,"column":27}},"10":{"start":{"line":57,"column":30},"end":{"line":57,"column":45}},"11":{"start":{"line":58,"column":8},"end":{"line":58,"column":44}},"12":{"start":{"line":60,"column":8},"end":{"line":60,"column":38}},"13":{"start":{"line":62,"column":8},"end":{"line":62,"column":48}},"14":{"start":{"line":72,"column":23},"end":{"line":75,"column":null}},"15":{"start":{"line":78,"column":8},"end":{"line":80,"column":null}},"16":{"start":{"line":79,"column":12},"end":{"line":79,"column":62}},"17":{"start":{"line":82,"column":29},"end":{"line":82,"column":46}},"18":{"start":{"line":84,"column":8},"end":{"line":90,"column":null}},"19":{"start":{"line":89,"column":12},"end":{"line":89,"column":50}},"20":{"start":{"line":92,"column":24},"end":{"line":92,"column":62}},"21":{"start":{"line":94,"column":8},"end":{"line":94,"column":68}},"22":{"start":{"line":102,"column":23},"end":{"line":105,"column":null}},"23":{"start":{"line":108,"column":8},"end":{"line":110,"column":null}},"24":{"start":{"line":109,"column":12},"end":{"line":109,"column":62}},"25":{"start":{"line":112,"column":30},"end":{"line":112,"column":47}},"26":{"start":{"line":114,"column":8},"end":{"line":120,"column":null}},"27":{"start":{"line":119,"column":12},"end":{"line":119,"column":49}},"28":{"start":{"line":122,"column":24},"end":{"line":122,"column":63}},"29":{"start":{"line":124,"column":8},"end":{"line":124,"column":68}},"30":{"start":{"line":130,"column":22},"end":{"line":130,"column":56}},"31":{"start":{"line":131,"column":21},"end":{"line":131,"column":52}},"32":{"start":{"line":133,"column":8},"end":{"line":133,"column":29}},"33":{"start":{"line":139,"column":8},"end":{"line":139,"column":44}},"34":{"start":{"line":141,"column":8},"end":{"line":146,"column":null}},"35":{"start":{"line":145,"column":12},"end":{"line":145,"column":29}},"36":{"start":{"line":148,"column":8},"end":{"line":150,"column":null}},"37":{"start":{"line":149,"column":12},"end":{"line":149,"column":61}},"38":{"start":{"line":155,"column":22},"end":{"line":155,"column":37}},"39":{"start":{"line":156,"column":8},"end":{"line":169,"column":null}},"40":{"start":{"line":156,"column":21},"end":{"line":156,"column":22}},"41":{"start":{"line":157,"column":12},"end":{"line":159,"column":null}},"42":{"start":{"line":158,"column":16},"end":{"line":158,"column":52}},"43":{"start":{"line":161,"column":12},"end":{"line":161,"column":75}},"44":{"start":{"line":162,"column":12},"end":{"line":164,"column":null}},"45":{"start":{"line":163,"column":16},"end":{"line":163,"column":30}},"46":{"start":{"line":166,"column":12},"end":{"line":168,"column":null}},"47":{"start":{"line":167,"column":16},"end":{"line":167,"column":33}},"48":{"start":{"line":171,"column":8},"end":{"line":171,"column":25}},"49":{"start":{"line":175,"column":8},"end":{"line":175,"column":45}},"50":{"start":{"line":187,"column":8},"end":{"line":187,"column":44}},"51":{"start":{"line":189,"column":8},"end":{"line":189,"column":56}},"52":{"start":{"line":191,"column":8},"end":{"line":191,"column":57}},"53":{"start":{"line":195,"column":8},"end":{"line":195,"column":44}},"54":{"start":{"line":197,"column":8},"end":{"line":197,"column":56}},"55":{"start":{"line":199,"column":8},"end":{"line":199,"column":40}},"56":{"start":{"line":203,"column":8},"end":{"line":203,"column":25}},"57":{"start":{"line":209,"column":8},"end":{"line":209,"column":44}},"58":{"start":{"line":211,"column":8},"end":{"line":213,"column":null}},"59":{"start":{"line":212,"column":12},"end":{"line":212,"column":36}},"60":{"start":{"line":215,"column":8},"end":{"line":217,"column":null}},"61":{"start":{"line":216,"column":12},"end":{"line":216,"column":43}},"62":{"start":{"line":225,"column":8},"end":{"line":225,"column":44}},"63":{"start":{"line":227,"column":8},"end":{"line":227,"column":38}},"64":{"start":{"line":229,"column":8},"end":{"line":229,"column":42}},"65":{"start":{"line":237,"column":8},"end":{"line":237,"column":44}},"66":{"start":{"line":239,"column":8},"end":{"line":239,"column":38}},"67":{"start":{"line":241,"column":8},"end":{"line":244,"column":10}},"68":{"start":{"line":253,"column":8},"end":{"line":255,"column":null}},"69":{"start":{"line":254,"column":12},"end":{"line":254,"column":30}},"70":{"start":{"line":257,"column":27},"end":{"line":257,"column":44}},"71":{"start":{"line":258,"column":8},"end":{"line":267,"column":null}},"72":{"start":{"line":258,"column":21},"end":{"line":258,"column":22}},"73":{"start":{"line":259,"column":33},"end":{"line":259,"column":65}},"74":{"start":{"line":260,"column":12},"end":{"line":266,"column":null}},"75":{"start":{"line":260,"column":25},"end":{"line":260,"column":26}},"76":{"start":{"line":261,"column":16},"end":{"line":265,"column":null}},"77":{"start":{"line":262,"column":20},"end":{"line":262,"column":104}},"78":{"start":{"line":264,"column":20},"end":{"line":264,"column":104}},"79":{"start":{"line":271,"column":8},"end":{"line":271,"column":26}},"80":{"start":{"line":275,"column":8},"end":{"line":275,"column":24}},"81":{"start":{"line":276,"column":8},"end":{"line":276,"column":29}},"82":{"start":{"line":17,"column":0},"end":{"line":17,"column":22}}},"fnMap":{"0":{"name":"(anonymous_0)","decl":{"start":{"line":28,"column":4},"end":{"line":28,"column":26}},"loc":{"start":{"line":28,"column":45},"end":{"line":38,"column":5}}},"1":{"name":"(anonymous_1)","decl":{"start":{"line":42,"column":4},"end":{"line":42,"column":13}},"loc":{"start":{"line":42,"column":25},"end":{"line":44,"column":5}}},"2":{"name":"(anonymous_2)","decl":{"start":{"line":46,"column":4},"end":{"line":46,"column":13}},"loc":{"start":{"line":46,"column":13},"end":{"line":48,"column":5}}},"3":{"name":"(anonymous_3)","decl":{"start":{"line":52,"column":4},"end":{"line":52,"column":7}},"loc":{"start":{"line":55,"column":23},"end":{"line":63,"column":5}}},"4":{"name":"(anonymous_4)","decl":{"start":{"line":67,"column":4},"end":{"line":67,"column":9}},"loc":{"start":{"line":70,"column":23},"end":{"line":95,"column":5}}},"5":{"name":"(anonymous_5)","decl":{"start":{"line":97,"column":4},"end":{"line":97,"column":11}},"loc":{"start":{"line":100,"column":23},"end":{"line":125,"column":5}}},"6":{"name":"(anonymous_6)","decl":{"start":{"line":129,"column":4},"end":{"line":129,"column":9}},"loc":{"start":{"line":129,"column":21},"end":{"line":134,"column":5}}},"7":{"name":"(anonymous_7)","decl":{"start":{"line":138,"column":4},"end":{"line":138,"column":14}},"loc":{"start":{"line":138,"column":59},"end":{"line":172,"column":5}}},"8":{"name":"(anonymous_8)","decl":{"start":{"line":174,"column":4},"end":{"line":174,"column":17}},"loc":{"start":{"line":174,"column":61},"end":{"line":176,"column":5}}},"9":{"name":"(anonymous_9)","decl":{"start":{"line":186,"column":14},"end":{"line":186,"column":22}},"loc":{"start":{"line":186,"column":53},"end":{"line":192,"column":5}}},"10":{"name":"(anonymous_10)","decl":{"start":{"line":194,"column":14},"end":{"line":194,"column":25}},"loc":{"start":{"line":194,"column":56},"end":{"line":200,"column":5}}},"11":{"name":"(anonymous_11)","decl":{"start":{"line":202,"column":14},"end":{"line":202,"column":27}},"loc":{"start":{"line":202,"column":27},"end":{"line":204,"column":5}}},"12":{"name":"(anonymous_12)","decl":{"start":{"line":208,"column":14},"end":{"line":208,"column":23}},"loc":{"start":{"line":208,"column":54},"end":{"line":218,"column":5}}},"13":{"name":"(anonymous_13)","decl":{"start":{"line":220,"column":11},"end":{"line":220,"column":19}},"loc":{"start":{"line":223,"column":23},"end":{"line":230,"column":5}}},"14":{"name":"(anonymous_14)","decl":{"start":{"line":232,"column":11},"end":{"line":232,"column":19}},"loc":{"start":{"line":235,"column":23},"end":{"line":245,"column":5}}},"15":{"name":"(anonymous_15)","decl":{"start":{"line":249,"column":11},"end":{"line":249,"column":19}},"loc":{"start":{"line":251,"column":21},"end":{"line":268,"column":5}}},"16":{"name":"(anonymous_16)","decl":{"start":{"line":270,"column":11},"end":{"line":270,"column":19}},"loc":{"start":{"line":270,"column":19},"end":{"line":272,"column":5}}},"17":{"name":"(anonymous_17)","decl":{"start":{"line":274,"column":11},"end":{"line":274,"column":21}},"loc":{"start":{"line":274,"column":21},"end":{"line":277,"column":5}}}},"branchMap":{"0":{"loc":{"start":{"line":58,"column":17},"end":{"line":58,"column":43}},"type":"binary-expr","locations":[{"start":{"line":58,"column":17},"end":{"line":58,"column":23}},{"start":{"line":58,"column":27},"end":{"line":58,"column":43}}]},"1":{"loc":{"start":{"line":78,"column":8},"end":{"line":80,"column":null}},"type":"if","locations":[{"start":{"line":78,"column":8},"end":{"line":80,"column":null}}]},"2":{"loc":{"start":{"line":79,"column":45},"end":{"line":79,"column":60}},"type":"binary-expr","locations":[{"start":{"line":79,"column":45},"end":{"line":79,"column":54}},{"start":{"line":79,"column":58},"end":{"line":79,"column":60}}]},"3":{"loc":{"start":{"line":84,"column":8},"end":{"line":90,"column":null}},"type":"if","locations":[{"start":{"line":84,"column":8},"end":{"line":90,"column":null}}]},"4":{"loc":{"start":{"line":85,"column":12},"end":{"line":87,"column":62}},"type":"binary-expr","locations":[{"start":{"line":85,"column":12},"end":{"line":85,"column":22}},{"start":{"line":86,"column":12},"end":{"line":86,"column":56}},{"start":{"line":87,"column":12},"end":{"line":87,"column":62}}]},"5":{"loc":{"start":{"line":94,"column":34},"end":{"line":94,"column":49}},"type":"binary-expr","locations":[{"start":{"line":94,"column":34},"end":{"line":94,"column":41}},{"start":{"line":94,"column":45},"end":{"line":94,"column":49}}]},"6":{"loc":{"start":{"line":94,"column":51},"end":{"line":94,"column":66}},"type":"binary-expr","locations":[{"start":{"line":94,"column":51},"end":{"line":94,"column":60}},{"start":{"line":94,"column":64},"end":{"line":94,"column":66}}]},"7":{"loc":{"start":{"line":108,"column":8},"end":{"line":110,"column":null}},"type":"if","locations":[{"start":{"line":108,"column":8},"end":{"line":110,"column":null}}]},"8":{"loc":{"start":{"line":109,"column":45},"end":{"line":109,"column":60}},"type":"binary-expr","locations":[{"start":{"line":109,"column":45},"end":{"line":109,"column":54}},{"start":{"line":109,"column":58},"end":{"line":109,"column":60}}]},"9":{"loc":{"start":{"line":114,"column":8},"end":{"line":120,"column":null}},"type":"if","locations":[{"start":{"line":114,"column":8},"end":{"line":120,"column":null}}]},"10":{"loc":{"start":{"line":115,"column":12},"end":{"line":117,"column":63}},"type":"binary-expr","locations":[{"start":{"line":115,"column":12},"end":{"line":115,"column":22}},{"start":{"line":116,"column":12},"end":{"line":116,"column":56}},{"start":{"line":117,"column":12},"end":{"line":117,"column":63}}]},"11":{"loc":{"start":{"line":124,"column":34},"end":{"line":124,"column":49}},"type":"binary-expr","locations":[{"start":{"line":124,"column":34},"end":{"line":124,"column":41}},{"start":{"line":124,"column":45},"end":{"line":124,"column":49}}]},"12":{"loc":{"start":{"line":124,"column":51},"end":{"line":124,"column":66}},"type":"binary-expr","locations":[{"start":{"line":124,"column":51},"end":{"line":124,"column":60}},{"start":{"line":124,"column":64},"end":{"line":124,"column":66}}]},"13":{"loc":{"start":{"line":139,"column":17},"end":{"line":139,"column":43}},"type":"binary-expr","locations":[{"start":{"line":139,"column":17},"end":{"line":139,"column":23}},{"start":{"line":139,"column":27},"end":{"line":139,"column":43}}]},"14":{"loc":{"start":{"line":141,"column":8},"end":{"line":146,"column":null}},"type":"if","locations":[{"start":{"line":141,"column":8},"end":{"line":146,"column":null}}]},"15":{"loc":{"start":{"line":142,"column":12},"end":{"line":143,"column":60}},"type":"binary-expr","locations":[{"start":{"line":142,"column":12},"end":{"line":142,"column":53}},{"start":{"line":143,"column":12},"end":{"line":143,"column":60}}]},"16":{"loc":{"start":{"line":148,"column":8},"end":{"line":150,"column":null}},"type":"if","locations":[{"start":{"line":148,"column":8},"end":{"line":150,"column":null}}]},"17":{"loc":{"start":{"line":157,"column":12},"end":{"line":159,"column":null}},"type":"if","locations":[{"start":{"line":157,"column":12},"end":{"line":159,"column":null}}]},"18":{"loc":{"start":{"line":161,"column":21},"end":{"line":161,"column":74}},"type":"cond-expr","locations":[{"start":{"line":161,"column":45},"end":{"line":161,"column":62}},{"start":{"line":161,"column":65},"end":{"line":161,"column":74}}]},"19":{"loc":{"start":{"line":162,"column":12},"end":{"line":164,"column":null}},"type":"if","locations":[{"start":{"line":162,"column":12},"end":{"line":164,"column":null}}]},"20":{"loc":{"start":{"line":166,"column":12},"end":{"line":168,"column":null}},"type":"if","locations":[{"start":{"line":166,"column":12},"end":{"line":168,"column":null}}]},"21":{"loc":{"start":{"line":175,"column":33},"end":{"line":175,"column":43}},"type":"binary-expr","locations":[{"start":{"line":175,"column":33},"end":{"line":175,"column":37}},{"start":{"line":175,"column":41},"end":{"line":175,"column":43}}]},"22":{"loc":{"start":{"line":187,"column":17},"end":{"line":187,"column":43}},"type":"binary-expr","locations":[{"start":{"line":187,"column":17},"end":{"line":187,"column":23}},{"start":{"line":187,"column":27},"end":{"line":187,"column":43}}]},"23":{"loc":{"start":{"line":189,"column":30},"end":{"line":189,"column":55}},"type":"binary-expr","locations":[{"start":{"line":189,"column":30},"end":{"line":189,"column":49}},{"start":{"line":189,"column":53},"end":{"line":189,"column":55}}]},"24":{"loc":{"start":{"line":195,"column":17},"end":{"line":195,"column":43}},"type":"binary-expr","locations":[{"start":{"line":195,"column":17},"end":{"line":195,"column":23}},{"start":{"line":195,"column":27},"end":{"line":195,"column":43}}]},"25":{"loc":{"start":{"line":197,"column":30},"end":{"line":197,"column":55}},"type":"binary-expr","locations":[{"start":{"line":197,"column":30},"end":{"line":197,"column":49}},{"start":{"line":197,"column":53},"end":{"line":197,"column":55}}]},"26":{"loc":{"start":{"line":209,"column":17},"end":{"line":209,"column":43}},"type":"binary-expr","locations":[{"start":{"line":209,"column":17},"end":{"line":209,"column":23}},{"start":{"line":209,"column":27},"end":{"line":209,"column":43}}]},"27":{"loc":{"start":{"line":211,"column":8},"end":{"line":213,"column":null}},"type":"if","locations":[{"start":{"line":211,"column":8},"end":{"line":213,"column":null}}]},"28":{"loc":{"start":{"line":215,"column":8},"end":{"line":217,"column":null}},"type":"if","locations":[{"start":{"line":215,"column":8},"end":{"line":217,"column":null}}]},"29":{"loc":{"start":{"line":225,"column":17},"end":{"line":225,"column":43}},"type":"binary-expr","locations":[{"start":{"line":225,"column":17},"end":{"line":225,"column":23}},{"start":{"line":225,"column":27},"end":{"line":225,"column":43}}]},"30":{"loc":{"start":{"line":237,"column":17},"end":{"line":237,"column":43}},"type":"binary-expr","locations":[{"start":{"line":237,"column":17},"end":{"line":237,"column":23}},{"start":{"line":237,"column":27},"end":{"line":237,"column":43}}]},"31":{"loc":{"start":{"line":251,"column":8},"end":{"line":251,"column":21}},"type":"default-arg","locations":[{"start":{"line":251,"column":17},"end":{"line":251,"column":21}}]},"32":{"loc":{"start":{"line":253,"column":8},"end":{"line":255,"column":null}},"type":"if","locations":[{"start":{"line":253,"column":8},"end":{"line":255,"column":null}}]},"33":{"loc":{"start":{"line":261,"column":16},"end":{"line":265,"column":null}},"type":"if","locations":[{"start":{"line":261,"column":16},"end":{"line":265,"column":null}},{"start":{"line":263,"column":23},"end":{"line":265,"column":null}}]}},"s":{"0":5,"1":5,"2":10,"3":10,"4":10,"5":10,"6":10,"7":10,"8":4,"9":32,"10":2,"11":2,"12":2,"13":2,"14":13,"15":13,"16":1,"17":12,"18":12,"19":6,"20":12,"21":12,"22":16,"23":16,"24":1,"25":15,"26":15,"27":5,"28":15,"29":15,"30":29,"31":29,"32":29,"33":27,"34":27,"35":0,"36":27,"37":15,"38":12,"39":12,"40":12,"41":22,"42":12,"43":22,"44":22,"45":8,"46":14,"47":10,"48":4,"49":29,"50":11,"51":11,"52":11,"53":11,"54":11,"55":11,"56":0,"57":15,"58":15,"59":14,"60":15,"61":14,"62":0,"63":0,"64":0,"65":2,"66":2,"67":2,"68":10,"69":0,"70":10,"71":10,"72":10,"73":2,"74":2,"75":2,"76":2,"77":2,"78":0,"79":0,"80":0,"81":0,"82":5},"f":{"0":10,"1":4,"2":32,"3":2,"4":13,"5":16,"6":29,"7":27,"8":29,"9":11,"10":11,"11":0,"12":15,"13":0,"14":2,"15":10,"16":0,"17":0},"b":{"0":[2,2],"1":[1],"2":[1,0],"3":[6],"4":[12,12,6],"5":[12,2],"6":[12,0],"7":[1],"8":[1,0],"9":[5],"10":[15,15,10],"11":[15,2],"12":[15,0],"13":[27,0],"14":[0],"15":[27,27],"16":[15],"17":[12],"18":[22,0],"19":[8],"20":[10],"21":[29,0],"22":[11,0],"23":[11,11],"24":[11,0],"25":[11,0],"26":[15,0],"27":[14],"28":[14],"29":[0,0],"30":[2,0],"31":[10],"32":[0],"33":[2,0]}}
,"C:\\Data\\Projects\\tada5hi\\repositories\\ilingo\\src\\config\\index.ts": {"path":"C:\\Data\\Projects\\tada5hi\\repositories\\ilingo\\src\\config\\index.ts","statementMap":{"0":{"start":{"line":8,"column":0},"end":{"line":8,"column":25}},"1":{"start":{"line":9,"column":0},"end":{"line":9,"column":23}},"2":{"start":{"line":10,"column":0},"end":{"line":10,"column":24}}},"fnMap":{},"branchMap":{},"s":{"0":5,"1":5,"2":5},"f":{},"b":{}}
,"C:\\Data\\Projects\\tada5hi\\repositories\\ilingo\\src\\config\\module.ts": {"path":"C:\\Data\\Projects\\tada5hi\\repositories\\ilingo\\src\\config\\module.ts","statementMap":{"0":{"start":{"line":9,"column":0},"end":{"line":9,"column":38}},"1":{"start":{"line":11,"column":43},"end":{"line":11,"column":45}},"2":{"start":{"line":14,"column":4},"end":{"line":14,"column":31}},"3":{"start":{"line":16,"column":4},"end":{"line":18,"column":null}},"4":{"start":{"line":17,"column":8},"end":{"line":17,"column":32}},"5":{"start":{"line":20,"column":4},"end":{"line":20,"column":37}},"6":{"start":{"line":22,"column":4},"end":{"line":22,"column":28}},"7":{"start":{"line":13,"column":0},"end":{"line":13,"column":16}},"8":{"start":{"line":26,"column":4},"end":{"line":26,"column":56}},"9":{"start":{"line":25,"column":0},"end":{"line":25,"column":16}},"10":{"start":{"line":30,"column":4},"end":{"line":30,"column":79}},"11":{"start":{"line":29,"column":0},"end":{"line":29,"column":16}}},"fnMap":{"0":{"name":"useConfig","decl":{"start":{"line":13,"column":16},"end":{"line":13,"column":25}},"loc":{"start":{"line":13,"column":40},"end":{"line":23,"column":1}}},"1":{"name":"setConfig","decl":{"start":{"line":25,"column":16},"end":{"line":25,"column":25}},"loc":{"start":{"line":25,"column":61},"end":{"line":27,"column":1}}},"2":{"name":"hasConfig","decl":{"start":{"line":29,"column":16},"end":{"line":29,"column":25}},"loc":{"start":{"line":29,"column":40},"end":{"line":31,"column":1}}}},"branchMap":{"0":{"loc":{"start":{"line":14,"column":12},"end":{"line":14,"column":30}},"type":"binary-expr","locations":[{"start":{"line":14,"column":12},"end":{"line":14,"column":17}},{"start":{"line":14,"column":21},"end":{"line":14,"column":30}}]},"1":{"loc":{"start":{"line":16,"column":4},"end":{"line":18,"column":null}},"type":"if","locations":[{"start":{"line":16,"column":4},"end":{"line":18,"column":null}}]},"2":{"loc":{"start":{"line":26,"column":14},"end":{"line":26,"column":32}},"type":"binary-expr","locations":[{"start":{"line":26,"column":14},"end":{"line":26,"column":19}},{"start":{"line":26,"column":23},"end":{"line":26,"column":32}}]},"3":{"loc":{"start":{"line":30,"column":59},"end":{"line":30,"column":77}},"type":"binary-expr","locations":[{"start":{"line":30,"column":59},"end":{"line":30,"column":64}},{"start":{"line":30,"column":68},"end":{"line":30,"column":77}}]}},"s":{"0":5,"1":5,"2":3,"3":3,"4":2,"5":1,"6":1,"7":5,"8":3,"9":5,"10":2,"11":5},"f":{"0":3,"1":3,"2":2},"b":{"0":[3,1],"1":[2],"2":[3,3],"3":[2,2]}}
,"C:\\Data\\Projects\\tada5hi\\repositories\\ilingo\\src\\config\\utils.ts": {"path":"C:\\Data\\Projects\\tada5hi\\repositories\\ilingo\\src\\config\\utils.ts","statementMap":{"0":{"start":{"line":11,"column":4},"end":{"line":11,"column":24}},"1":{"start":{"line":13,"column":31},"end":{"line":13,"column":33}},"2":{"start":{"line":14,"column":4},"end":{"line":18,"column":null}},"3":{"start":{"line":15,"column":8},"end":{"line":17,"column":30}},"4":{"start":{"line":20,"column":4},"end":{"line":24,"column":6}},"5":{"start":{"line":10,"column":0},"end":{"line":10,"column":16}}},"fnMap":{"0":{"name":"buildConfig","decl":{"start":{"line":10,"column":16},"end":{"line":10,"column":27}},"loc":{"start":{"line":10,"column":47},"end":{"line":25,"column":1}}}},"branchMap":{"0":{"loc":{"start":{"line":11,"column":12},"end":{"line":11,"column":23}},"type":"binary-expr","locations":[{"start":{"line":11,"column":12},"end":{"line":11,"column":17}},{"start":{"line":11,"column":21},"end":{"line":11,"column":23}}]},"1":{"loc":{"start":{"line":14,"column":4},"end":{"line":18,"column":null}},"type":"if","locations":[{"start":{"line":14,"column":4},"end":{"line":18,"column":null}}]},"2":{"loc":{"start":{"line":15,"column":20},"end":{"line":17,"column":29}},"type":"cond-expr","locations":[{"start":{"line":16,"column":12},"end":{"line":16,"column":27}},{"start":{"line":17,"column":12},"end":{"line":17,"column":29}}]},"3":{"loc":{"start":{"line":21,"column":16},"end":{"line":21,"column":36}},"type":"binary-expr","locations":[{"start":{"line":21,"column":16},"end":{"line":21,"column":28}},{"start":{"line":21,"column":32},"end":{"line":21,"column":36}}]},"4":{"loc":{"start":{"line":23,"column":15},"end":{"line":23,"column":32}},"type":"binary-expr","locations":[{"start":{"line":23,"column":15},"end":{"line":23,"column":26}},{"start":{"line":23,"column":30},"end":{"line":23,"column":32}}]}},"s":{"0":16,"1":16,"2":16,"3":11,"4":16,"5":5},"f":{"0":16},"b":{"0":[16,4],"1":[11],"2":[3,8],"3":[16,9],"4":[16,13]}}
,"C:\\Data\\Projects\\tada5hi\\repositories\\ilingo\\src\\loader\\index.ts": {"path":"C:\\Data\\Projects\\tada5hi\\repositories\\ilingo\\src\\loader\\index.ts","statementMap":{"0":{"start":{"line":8,"column":0},"end":{"line":8,"column":28}},"1":{"start":{"line":9,"column":0},"end":{"line":9,"column":25}},"2":{"start":{"line":10,"column":0},"end":{"line":10,"column":24}}},"fnMap":{},"branchMap":{},"s":{"0":4,"1":4,"2":4},"f":{},"b":{}}
,"C:\\Data\\Projects\\tada5hi\\repositories\\ilingo\\src\\loader\\module.ts": {"path":"C:\\Data\\Projects\\tada5hi\\repositories\\ilingo\\src\\loader\\module.ts","statementMap":{"0":{"start":{"line":9,"column":0},"end":{"line":9,"column":null}},"1":{"start":{"line":12,"column":0},"end":{"line":12,"column":46}},"2":{"start":{"line":15,"column":4},"end":{"line":15,"column":32}},"3":{"start":{"line":15,"column":15},"end":{"line":15,"column":32}},"4":{"start":{"line":17,"column":21},"end":{"line":17,"column":46}},"5":{"start":{"line":19,"column":4},"end":{"line":21,"column":null}},"6":{"start":{"line":20,"column":8},"end":{"line":20,"column":39}},"7":{"start":{"line":23,"column":4},"end":{"line":23,"column":32}},"8":{"start":{"line":14,"column":0},"end":{"line":14,"column":7}},"9":{"start":{"line":27,"column":4},"end":{"line":27,"column":32}},"10":{"start":{"line":27,"column":15},"end":{"line":27,"column":32}},"11":{"start":{"line":29,"column":21},"end":{"line":29,"column":46}},"12":{"start":{"line":31,"column":4},"end":{"line":33,"column":null}},"13":{"start":{"line":32,"column":8},"end":{"line":32,"column":43}},"14":{"start":{"line":35,"column":4},"end":{"line":35,"column":36}},"15":{"start":{"line":26,"column":0},"end":{"line":26,"column":16}}},"fnMap":{"0":{"name":"load","decl":{"start":{"line":14,"column":22},"end":{"line":14,"column":26}},"loc":{"start":{"line":14,"column":45},"end":{"line":24,"column":1}}},"1":{"name":"loadSync","decl":{"start":{"line":26,"column":16},"end":{"line":26,"column":24}},"loc":{"start":{"line":26,"column":42},"end":{"line":36,"column":1}}}},"branchMap":{"0":{"loc":{"start":{"line":15,"column":4},"end":{"line":15,"column":32}},"type":"if","locations":[{"start":{"line":15,"column":4},"end":{"line":15,"column":32}}]},"1":{"loc":{"start":{"line":19,"column":4},"end":{"line":21,"column":null}},"type":"if","locations":[{"start":{"line":19,"column":4},"end":{"line":21,"column":null}}]},"2":{"loc":{"start":{"line":27,"column":4},"end":{"line":27,"column":32}},"type":"if","locations":[{"start":{"line":27,"column":4},"end":{"line":27,"column":32}}]},"3":{"loc":{"start":{"line":31,"column":4},"end":{"line":33,"column":null}},"type":"if","locations":[{"start":{"line":31,"column":4},"end":{"line":33,"column":null}}]}},"s":{"0":4,"1":4,"2":9,"3":1,"4":8,"5":8,"6":1,"7":7,"8":4,"9":7,"10":0,"11":7,"12":7,"13":1,"14":6,"15":4},"f":{"0":9,"1":7},"b":{"0":[1],"1":[1],"2":[0],"3":[1]}}
,"C:\\Data\\Projects\\tada5hi\\repositories\\ilingo\\src\\loader\\utils.ts": {"path":"C:\\Data\\Projects\\tada5hi\\repositories\\ilingo\\src\\loader\\utils.ts","statementMap":{"0":{"start":{"line":8,"column":0},"end":{"line":8,"column":24}},"1":{"start":{"line":12,"column":4},"end":{"line":13,"column":56}},"2":{"start":{"line":11,"column":0},"end":{"line":11,"column":16}}},"fnMap":{"0":{"name":"buildLoaderFilePath","decl":{"start":{"line":11,"column":16},"end":{"line":11,"column":35}},"loc":{"start":{"line":11,"column":53},"end":{"line":14,"column":1}}}},"branchMap":{"0":{"loc":{"start":{"line":13,"column":9},"end":{"line":13,"column":54}},"type":"cond-expr","locations":[{"start":{"line":13,"column":42},"end":{"line":13,"column":49}},{"start":{"line":13,"column":52},"end":{"line":13,"column":54}}]}},"s":{"0":4,"1":15,"2":4},"f":{"0":15},"b":{"0":[2,13]}}
,"C:\\Data\\Projects\\tada5hi\\repositories\\ilingo\\src\\loader\\file-type\\index.ts": {"path":"C:\\Data\\Projects\\tada5hi\\repositories\\ilingo\\src\\loader\\file-type\\index.ts","statementMap":{"0":{"start":{"line":8,"column":0},"end":{"line":8,"column":25}},"1":{"start":{"line":9,"column":0},"end":{"line":9,"column":23}}},"fnMap":{},"branchMap":{},"s":{"0":4,"1":4},"f":{},"b":{}}
,"C:\\Data\\Projects\\tada5hi\\repositories\\ilingo\\src\\loader\\file-type\\json.ts": {"path":"C:\\Data\\Projects\\tada5hi\\repositories\\ilingo\\src\\loader\\file-type\\json.ts","statementMap":{"0":{"start":{"line":8,"column":0},"end":{"line":8,"column":20}},"1":{"start":{"line":11,"column":4},"end":{"line":16,"column":null}},"2":{"start":{"line":12,"column":21},"end":{"line":12,"column":57}},"3":{"start":{"line":13,"column":8},"end":{"line":13,"column":50}},"4":{"start":{"line":15,"column":8},"end":{"line":15,"column":25}},"5":{"start":{"line":10,"column":0},"end":{"line":10,"column":7}},"6":{"start":{"line":20,"column":4},"end":{"line":25,"column":null}},"7":{"start":{"line":21,"column":21},"end":{"line":21,"column":46}},"8":{"start":{"line":22,"column":8},"end":{"line":22,"column":50}},"9":{"start":{"line":24,"column":8},"end":{"line":24,"column":25}},"10":{"start":{"line":19,"column":0},"end":{"line":19,"column":16}}},"fnMap":{"0":{"name":"loadJsonLines","decl":{"start":{"line":10,"column":22},"end":{"line":10,"column":35}},"loc":{"start":{"line":10,"column":52},"end":{"line":17,"column":1}}},"1":{"name":"loadJsonLinesSync","decl":{"start":{"line":19,"column":16},"end":{"line":19,"column":33}},"loc":{"start":{"line":19,"column":50},"end":{"line":26,"column":1}}}},"branchMap":{},"s":{"0":4,"1":1,"2":1,"3":1,"4":0,"5":4,"6":1,"7":1,"8":1,"9":0,"10":4},"f":{"0":1,"1":1},"b":{}}
,"C:\\Data\\Projects\\tada5hi\\repositories\\ilingo\\src\\loader\\file-type\\script.ts": {"path":"C:\\Data\\Projects\\tada5hi\\repositories\\ilingo\\src\\loader\\file-type\\script.ts","statementMap":{"0":{"start":{"line":8,"column":0},"end":{"line":8,"column":45}},"1":{"start":{"line":11,"column":4},"end":{"line":20,"column":null}},"2":{"start":{"line":12,"column":19},"end":{"line":12,"column":41}},"3":{"start":{"line":12,"column":40},"end":{"line":12,"column":41}},"4":{"start":{"line":13,"column":8},"end":{"line":15,"column":null}},"5":{"start":{"line":14,"column":12},"end":{"line":14,"column":32}},"6":{"start":{"line":17,"column":8},"end":{"line":17,"column":20}},"7":{"start":{"line":19,"column":8},"end":{"line":19,"column":25}},"8":{"start":{"line":10,"column":0},"end":{"line":10,"column":7}},"9":{"start":{"line":24,"column":4},"end":{"line":34,"column":null}},"10":{"start":{"line":26,"column":19},"end":{"line":26,"column":36}},"11":{"start":{"line":27,"column":8},"end":{"line":29,"column":null}},"12":{"start":{"line":28,"column":12},"end":{"line":28,"column":32}},"13":{"start":{"line":31,"column":8},"end":{"line":31,"column":20}},"14":{"start":{"line":33,"column":8},"end":{"line":33,"column":25}},"15":{"start":{"line":23,"column":0},"end":{"line":23,"column":16}}},"fnMap":{"0":{"name":"loadScript","decl":{"start":{"line":10,"column":22},"end":{"line":10,"column":32}},"loc":{"start":{"line":10,"column":49},"end":{"line":21,"column":1}}},"1":{"name":"(anonymous_7)","decl":{"start":{"line":12,"column":40},"end":{"line":12,"column":41}},"loc":{"start":{"line":12,"column":40},"end":{"line":12,"column":41}}},"2":{"name":"loadScriptSync","decl":{"start":{"line":23,"column":16},"end":{"line":23,"column":30}},"loc":{"start":{"line":23,"column":47},"end":{"line":35,"column":1}}}},"branchMap":{"0":{"loc":{"start":{"line":13,"column":8},"end":{"line":15,"column":null}},"type":"if","locations":[{"start":{"line":13,"column":8},"end":{"line":15,"column":null}}]},"1":{"loc":{"start":{"line":27,"column":8},"end":{"line":29,"column":null}},"type":"if","locations":[{"start":{"line":27,"column":8},"end":{"line":29,"column":null}}]}},"s":{"0":4,"1":7,"2":7,"3":7,"4":7,"5":7,"6":7,"7":0,"8":4,"9":6,"10":6,"11":6,"12":3,"13":6,"14":0,"15":4},"f":{"0":7,"1":7,"2":6},"b":{"0":[7],"1":[3]}}
,"C:\\Data\\Projects\\tada5hi\\repositories\\ilingo\\src\\locator\\index.ts": {"path":"C:\\Data\\Projects\\tada5hi\\repositories\\ilingo\\src\\locator\\index.ts","statementMap":{"0":{"start":{"line":8,"column":0},"end":{"line":8,"column":25}},"1":{"start":{"line":9,"column":0},"end":{"line":9,"column":23}},"2":{"start":{"line":10,"column":0},"end":{"line":10,"column":24}}},"fnMap":{},"branchMap":{},"s":{"0":5,"1":5,"2":5},"f":{},"b":{}}
,"C:\\Data\\Projects\\tada5hi\\repositories\\ilingo\\src\\locator\\module.ts": {"path":"C:\\Data\\Projects\\tada5hi\\repositories\\ilingo\\src\\locator\\module.ts","statementMap":{"0":{"start":{"line":8,"column":0},"end":{"line":8,"column":24}},"1":{"start":{"line":9,"column":0},"end":{"line":9,"column":20}},"2":{"start":{"line":11,"column":0},"end":{"line":11,"column":46}},"3":{"start":{"line":17,"column":20},"end":{"line":17,"column":46}},"4":{"start":{"line":19,"column":4},"end":{"line":37,"column":null}},"5":{"start":{"line":19,"column":17},"end":{"line":19,"column":18}},"6":{"start":{"line":20,"column":25},"end":{"line":20,"column":62}},"7":{"start":{"line":22,"column":8},"end":{"line":36,"column":null}},"8":{"start":{"line":22,"column":21},"end":{"line":22,"column":22}},"9":{"start":{"line":23,"column":42},"end":{"line":23,"column":74}},"10":{"start":{"line":25,"column":12},"end":{"line":35,"column":null}},"11":{"start":{"line":26,"column":16},"end":{"line":26,"column":103}},"12":{"start":{"line":28,"column":16},"end":{"line":32,"column":18}},"13":{"start":{"line":39,"column":4},"end":{"line":39,"column":21}},"14":{"start":{"line":13,"column":0},"end":{"line":13,"column":7}},"15":{"start":{"line":46,"column":20},"end":{"line":46,"column":46}},"16":{"start":{"line":48,"column":4},"end":{"line":66,"column":null}},"17":{"start":{"line":48,"column":17},"end":{"line":48,"column":18}},"18":{"start":{"line":49,"column":25},"end":{"line":49,"column":62}},"19":{"start":{"line":51,"column":8},"end":{"line":65,"column":null}},"20":{"start":{"line":51,"column":21},"end":{"line":51,"column":22}},"21":{"start":{"line":52,"column":42},"end":{"line":52,"column":74}},"22":{"start":{"line":54,"column":12},"end":{"line":64,"column":null}},"23":{"start":{"line":55,"column":16},"end":{"line":55,"column":92}},"24":{"start":{"line":57,"column":16},"end":{"line":61,"column":18}},"25":{"start":{"line":68,"column":4},"end":{"line":68,"column":21}},"26":{"start":{"line":42,"column":0},"end":{"line":42,"column":16}}},"fnMap":{"0":{"name":"locateFile","decl":{"start":{"line":13,"column":22},"end":{"line":13,"column":32}},"loc":{"start":{"line":15,"column":35},"end":{"line":40,"column":1}}},"1":{"name":"locateFileSync","decl":{"start":{"line":42,"column":16},"end":{"line":42,"column":30}},"loc":{"start":{"line":44,"column":35},"end":{"line":69,"column":1}}}},"branchMap":{},"s":{"0":5,"1":5,"2":5,"3":14,"4":14,"5":14,"6":14,"7":14,"8":14,"9":30,"10":30,"11":30,"12":11,"13":3,"14":5,"15":13,"16":13,"17":13,"18":13,"19":13,"20":13,"21":27,"22":27,"23":27,"24":10,"25":3,"26":5},"f":{"0":14,"1":13},"b":{}}
,"C:\\Data\\Projects\\tada5hi\\repositories\\ilingo\\src\\locator\\utils.ts": {"path":"C:\\Data\\Projects\\tada5hi\\repositories\\ilingo\\src\\locator\\utils.ts","statementMap":{"0":{"start":{"line":8,"column":0},"end":{"line":8,"column":24}},"1":{"start":{"line":10,"column":0},"end":{"line":10,"column":35}},"2":{"start":{"line":13,"column":4},"end":{"line":13,"column":28}},"3":{"start":{"line":14,"column":4},"end":{"line":14,"column":44}},"4":{"start":{"line":15,"column":4},"end":{"line":15,"column":40}},"5":{"start":{"line":16,"column":4},"end":{"line":16,"column":43}},"6":{"start":{"line":17,"column":4},"end":{"line":19,"column":null}},"7":{"start":{"line":18,"column":8},"end":{"line":18,"column":65}},"8":{"start":{"line":20,"column":4},"end":{"line":20,"column":89}},"9":{"start":{"line":20,"column":48},"end":{"line":20,"column":87}},"10":{"start":{"line":22,"column":4},"end":{"line":23,"column":62}},"11":{"start":{"line":25,"column":4},"end":{"line":25,"column":37}},"12":{"start":{"line":12,"column":0},"end":{"line":12,"column":16}}},"fnMap":{"0":{"name":"buildLocatorOptions","decl":{"start":{"line":12,"column":16},"end":{"line":12,"column":35}},"loc":{"start":{"line":12,"column":73},"end":{"line":26,"column":1}}},"1":{"name":"(anonymous_2)","decl":{"start":{"line":20,"column":38},"end":{"line":20,"column":39}},"loc":{"start":{"line":20,"column":48},"end":{"line":20,"column":87}}}},"branchMap":{"0":{"loc":{"start":{"line":12,"column":36},"end":{"line":12,"column":73}},"type":"default-arg","locations":[{"start":{"line":12,"column":71},"end":{"line":12,"column":73}}]},"1":{"loc":{"start":{"line":13,"column":14},"end":{"line":13,"column":27}},"type":"binary-expr","locations":[{"start":{"line":13,"column":14},"end":{"line":13,"column":21}},{"start":{"line":13,"column":25},"end":{"line":13,"column":27}}]},"2":{"loc":{"start":{"line":14,"column":21},"end":{"line":14,"column":43}},"type":"binary-expr","locations":[{"start":{"line":14,"column":21},"end":{"line":14,"column":35}},{"start":{"line":14,"column":39},"end":{"line":14,"column":43}}]},"3":{"loc":{"start":{"line":15,"column":20},"end":{"line":15,"column":39}},"type":"binary-expr","locations":[{"start":{"line":15,"column":20},"end":{"line":15,"column":33}},{"start":{"line":15,"column":37},"end":{"line":15,"column":39}}]},"4":{"loc":{"start":{"line":17,"column":4},"end":{"line":19,"column":null}},"type":"if","locations":[{"start":{"line":17,"column":4},"end":{"line":19,"column":null}}]},"5":{"loc":{"start":{"line":20,"column":64},"end":{"line":20,"column":86}},"type":"binary-expr","locations":[{"start":{"line":20,"column":64},"end":{"line":20,"column":78}},{"start":{"line":20,"column":82},"end":{"line":20,"column":86}}]},"6":{"loc":{"start":{"line":22,"column":25},"end":{"line":23,"column":61}},"type":"cond-expr","locations":[{"start":{"line":23,"column":8},"end":{"line":23,"column":35}},{"start":{"line":23,"column":38},"end":{"line":23,"column":61}}]}},"s":{"0":5,"1":5,"2":27,"3":27,"4":27,"5":27,"6":27,"7":0,"8":27,"9":27,"10":27,"11":27,"12":5},"f":{"0":27,"1":27},"b":{"0":[0],"1":[27,0],"2":[27,4],"3":[27,0],"4":[0],"5":[27,0],"6":[0,27]}}
,"C:\\Data\\Projects\\tada5hi\\repositories\\ilingo\\src\\server\\helper.ts": {"path":"C:\\Data\\Projects\\tada5hi\\repositories\\ilingo\\src\\server\\helper.ts","statementMap":{"0":{"start":{"line":8,"column":0},"end":{"line":8,"column":40}},"1":{"start":{"line":15,"column":4},"end":{"line":16,"column":42}},"2":{"start":{"line":10,"column":0},"end":{"line":10,"column":7}},"3":{"start":{"line":24,"column":4},"end":{"line":25,"column":46}},"4":{"start":{"line":19,"column":0},"end":{"line":19,"column":16}}},"fnMap":{"0":{"name":"lang","decl":{"start":{"line":10,"column":22},"end":{"line":10,"column":26}},"loc":{"start":{"line":13,"column":19},"end":{"line":17,"column":1}}},"1":{"name":"langSync","decl":{"start":{"line":19,"column":16},"end":{"line":19,"column":24}},"loc":{"start":{"line":22,"column":19},"end":{"line":26,"column":1}}}},"branchMap":{},"s":{"0":3,"1":1,"2":3,"3":1,"4":3},"f":{"0":1,"1":1},"b":{}}
,"C:\\Data\\Projects\\tada5hi\\repositories\\ilingo\\src\\server\\index.ts": {"path":"C:\\Data\\Projects\\tada5hi\\repositories\\ilingo\\src\\server\\index.ts","statementMap":{"0":{"start":{"line":8,"column":0},"end":{"line":8,"column":25}},"1":{"start":{"line":9,"column":0},"end":{"line":9,"column":25}},"2":{"start":{"line":10,"column":0},"end":{"line":10,"column":28}}},"fnMap":{},"branchMap":{},"s":{"0":3,"1":3,"2":3},"f":{},"b":{}}
,"C:\\Data\\Projects\\tada5hi\\repositories\\ilingo\\src\\server\\module.ts": {"path":"C:\\Data\\Projects\\tada5hi\\repositories\\ilingo\\src\\server\\module.ts","statementMap":{"0":{"start":{"line":9,"column":0},"end":{"line":9,"column":43}},"1":{"start":{"line":10,"column":0},"end":{"line":10,"column":56}},"2":{"start":{"line":11,"column":0},"end":{"line":11,"column":43}},"3":{"start":{"line":12,"column":0},"end":{"line":12,"column":40}},"4":{"start":{"line":17,"column":8},"end":{"line":17,"column":22}},"5":{"start":{"line":21,"column":8},"end":{"line":21,"column":44}},"6":{"start":{"line":24,"column":8},"end":{"line":27,"column":null}},"7":{"start":{"line":29,"column":8},"end":{"line":29,"column":37}},"8":{"start":{"line":30,"column":8},"end":{"line":30,"column":39}},"9":{"start":{"line":32,"column":28},"end":{"line":35,"column":10}},"10":{"start":{"line":37,"column":8},"end":{"line":39,"column":null}},"11":{"start":{"line":38,"column":12},"end":{"line":38,"column":22}},"12":{"start":{"line":41,"column":21},"end":{"line":41,"column":44}},"13":{"start":{"line":43,"column":8},"end":{"line":43,"column":66}},"14":{"start":{"line":45,"column":8},"end":{"line":45,"column":40}},"15":{"start":{"line":49,"column":8},"end":{"line":49,"column":44}},"16":{"start":{"line":51,"column":8},"end":{"line":54,"column":null}},"17":{"start":{"line":56,"column":8},"end":{"line":56,"column":37}},"18":{"start":{"line":57,"column":8},"end":{"line":57,"column":39}},"19":{"start":{"line":59,"column":28},"end":{"line":62,"column":10}},"20":{"start":{"line":64,"column":8},"end":{"line":66,"column":null}},"21":{"start":{"line":65,"column":12},"end":{"line":65,"column":22}},"22":{"start":{"line":68,"column":21},"end":{"line":68,"column":42}},"23":{"start":{"line":70,"column":8},"end":{"line":70,"column":66}},"24":{"start":{"line":72,"column":8},"end":{"line":72,"column":40}},"25":{"start":{"line":14,"column":0},"end":{"line":14,"column":13}}},"fnMap":{"0":{"name":"(anonymous_0)","decl":{"start":{"line":16,"column":4},"end":{"line":16,"column":16}},"loc":{"start":{"line":16,"column":36},"end":{"line":18,"column":5}}},"1":{"name":"(anonymous_1)","decl":{"start":{"line":20,"column":4},"end":{"line":20,"column":9}},"loc":{"start":{"line":20,"column":49},"end":{"line":46,"column":5}}},"2":{"name":"(anonymous_2)","decl":{"start":{"line":48,"column":4},"end":{"line":48,"column":17}},"loc":{"start":{"line":48,"column":47},"end":{"line":73,"column":5}}}},"branchMap":{"0":{"loc":{"start":{"line":21,"column":17},"end":{"line":21,"column":43}},"type":"binary-expr","locations":[{"start":{"line":21,"column":17},"end":{"line":21,"column":23}},{"start":{"line":21,"column":27},"end":{"line":21,"column":43}}]},"1":{"loc":{"start":{"line":24,"column":8},"end":{"line":27,"column":null}},"type":"if","locations":[{"start":{"line":24,"column":8},"end":{"line":27,"column":null}}]},"2":{"loc":{"start":{"line":37,"column":8},"end":{"line":39,"column":null}},"type":"if","locations":[{"start":{"line":37,"column":8},"end":{"line":39,"column":null}}]},"3":{"loc":{"start":{"line":43,"column":35},"end":{"line":43,"column":65}},"type":"cond-expr","locations":[{"start":{"line":43,"column":56},"end":{"line":43,"column":60}},{"start":{"line":43,"column":63},"end":{"line":43,"column":65}}]},"4":{"loc":{"start":{"line":49,"column":17},"end":{"line":49,"column":43}},"type":"binary-expr","locations":[{"start":{"line":49,"column":17},"end":{"line":49,"column":23}},{"start":{"line":49,"column":27},"end":{"line":49,"column":43}}]},"5":{"loc":{"start":{"line":51,"column":8},"end":{"line":54,"column":null}},"type":"if","locations":[{"start":{"line":51,"column":8},"end":{"line":54,"column":null}}]},"6":{"loc":{"start":{"line":64,"column":8},"end":{"line":66,"column":null}},"type":"if","locations":[{"start":{"line":64,"column":8},"end":{"line":66,"column":null}}]},"7":{"loc":{"start":{"line":70,"column":35},"end":{"line":70,"column":65}},"type":"cond-expr","locations":[{"start":{"line":70,"column":56},"end":{"line":70,"column":60}},{"start":{"line":70,"column":63},"end":{"line":70,"column":65}}]}},"s":{"0":3,"1":3,"2":3,"3":3,"4":10,"5":6,"6":6,"7":6,"8":6,"9":6,"10":6,"11":1,"12":5,"13":5,"14":5,"15":5,"16":5,"17":5,"18":5,"19":5,"20":5,"21":1,"22":4,"23":4,"24":4,"25":3},"f":{"0":10,"1":6,"2":5},"b":{"0":[6,0],"1":[0],"2":[1],"3":[5,0],"4":[5,0],"5":[0],"6":[1],"7":[4,0]}}
,"C:\\Data\\Projects\\tada5hi\\repositories\\ilingo\\src\\server\\singleton.ts": {"path":"C:\\Data\\Projects\\tada5hi\\repositories\\ilingo\\src\\server\\singleton.ts","statementMap":{"0":{"start":{"line":8,"column":0},"end":{"line":8,"column":38}},"1":{"start":{"line":9,"column":0},"end":{"line":9,"column":34}},"2":{"start":{"line":11,"column":42},"end":{"line":11,"column":44}},"3":{"start":{"line":14,"column":4},"end":{"line":14,"column":27}},"4":{"start":{"line":16,"column":4},"end":{"line":18,"column":null}},"5":{"start":{"line":17,"column":8},"end":{"line":17,"column":30}},"6":{"start":{"line":20,"column":19},"end":{"line":20,"column":33}},"7":{"start":{"line":21,"column":21},"end":{"line":21,"column":39}},"8":{"start":{"line":23,"column":4},"end":{"line":23,"column":30}},"9":{"start":{"line":25,"column":4},"end":{"line":25,"column":20}},"10":{"start":{"line":13,"column":0},"end":{"line":13,"column":16}}},"fnMap":{"0":{"name":"useIlingo","decl":{"start":{"line":13,"column":16},"end":{"line":13,"column":25}},"loc":{"start":{"line":13,"column":38},"end":{"line":26,"column":1}}}},"branchMap":{"0":{"loc":{"start":{"line":14,"column":10},"end":{"line":14,"column":26}},"type":"binary-expr","locations":[{"start":{"line":14,"column":10},"end":{"line":14,"column":13}},{"start":{"line":14,"column":17},"end":{"line":14,"column":26}}]},"1":{"loc":{"start":{"line":16,"column":4},"end":{"line":18,"column":null}},"type":"if","locations":[{"start":{"line":16,"column":4},"end":{"line":18,"column":null}}]}},"s":{"0":3,"1":3,"2":3,"3":4,"4":4,"5":2,"6":2,"7":2,"8":2,"9":2,"10":3},"f":{"0":4},"b":{"0":[4,4],"1":[2]}}
,"C:\\Data\\Projects\\tada5hi\\repositories\\ilingo\\src\\utils\\args.ts": {"path":"C:\\Data\\Projects\\tada5hi\\repositories\\ilingo\\src\\utils\\args.ts","statementMap":{"0":{"start":{"line":13,"column":4},"end":{"line":13,"column":20}},"1":{"start":{"line":14,"column":4},"end":{"line":14,"column":30}},"2":{"start":{"line":15,"column":4},"end":{"line":15,"column":36}},"3":{"start":{"line":17,"column":4},"end":{"line":22,"column":null}},"4":{"start":{"line":21,"column":8},"end":{"line":21,"column":26}},"5":{"start":{"line":24,"column":4},"end":{"line":24,"column":48}},"6":{"start":{"line":26,"column":4},"end":{"line":29,"column":6}},"7":{"start":{"line":8,"column":0},"end":{"line":8,"column":16}}},"fnMap":{"0":{"name":"parseArgsToDataAndLocale","decl":{"start":{"line":8,"column":16},"end":{"line":8,"column":40}},"loc":{"start":{"line":11,"column":55},"end":{"line":30,"column":1}}}},"branchMap":{"0":{"loc":{"start":{"line":13,"column":10},"end":{"line":13,"column":19}},"type":"binary-expr","locations":[{"start":{"line":13,"column":10},"end":{"line":13,"column":13}},{"start":{"line":13,"column":17},"end":{"line":13,"column":19}}]},"1":{"loc":{"start":{"line":14,"column":15},"end":{"line":14,"column":29}},"type":"binary-expr","locations":[{"start":{"line":14,"column":15},"end":{"line":14,"column":23}},{"start":{"line":14,"column":27},"end":{"line":14,"column":29}}]},"2":{"loc":{"start":{"line":15,"column":17},"end":{"line":15,"column":35}},"type":"binary-expr","locations":[{"start":{"line":15,"column":17},"end":{"line":15,"column":27}},{"start":{"line":15,"column":31},"end":{"line":15,"column":35}}]},"3":{"loc":{"start":{"line":17,"column":4},"end":{"line":22,"column":null}},"type":"if","locations":[{"start":{"line":17,"column":4},"end":{"line":22,"column":null}}]},"4":{"loc":{"start":{"line":18,"column":8},"end":{"line":19,"column":37}},"type":"binary-expr","locations":[{"start":{"line":18,"column":8},"end":{"line":18,"column":32}},{"start":{"line":19,"column":8},"end":{"line":19,"column":37}}]},"5":{"loc":{"start":{"line":24,"column":11},"end":{"line":24,"column":47}},"type":"cond-expr","locations":[{"start":{"line":24,"column":38},"end":{"line":24,"column":40}},{"start":{"line":24,"column":43},"end":{"line":24,"column":47}}]},"6":{"loc":{"start":{"line":27,"column":8},"end":{"line":27,"column":24}},"type":"binary-expr","locations":[{"start":{"line":27,"column":8},"end":{"line":27,"column":12}},{"start":{"line":27,"column":16},"end":{"line":27,"column":24}}]},"7":{"loc":{"start":{"line":28,"column":8},"end":{"line":28,"column":28}},"type":"binary-expr","locations":[{"start":{"line":28,"column":8},"end":{"line":28,"column":14}},{"start":{"line":28,"column":18},"end":{"line":28,"column":28}}]}},"s":{"0":29,"1":29,"2":29,"3":29,"4":3,"5":26,"6":26,"7":8},"f":{"0":29},"b":{"0":[29,0],"1":[29,29],"2":[29,0],"3":[3],"4":[29,3],"5":[0,26],"6":[26,11],"7":[26,23]}}
,"C:\\Data\\Projects\\tada5hi\\repositories\\ilingo\\src\\utils\\has-own-property.ts": {"path":"C:\\Data\\Projects\\tada5hi\\repositories\\ilingo\\src\\utils\\has-own-property.ts","statementMap":{"0":{"start":{"line":10,"column":4},"end":{"line":10,"column":59}},"1":{"start":{"line":9,"column":0},"end":{"line":9,"column":16}}},"fnMap":{"0":{"name":"hasOwnProperty","decl":{"start":{"line":9,"column":16},"end":{"line":9,"column":30}},"loc":{"start":{"line":9,"column":83},"end":{"line":11,"column":1}}}},"branchMap":{},"s":{"0":13,"1":8},"f":{"0":13},"b":{}}
,"C:\\Data\\Projects\\tada5hi\\repositories\\ilingo\\src\\utils\\identify.ts": {"path":"C:\\Data\\Projects\\tada5hi\\repositories\\ilingo\\src\\utils\\identify.ts","statementMap":{"0":{"start":{"line":11,"column":4},"end":{"line":13,"column":null}},"1":{"start":{"line":12,"column":8},"end":{"line":12,"column":21}},"2":{"start":{"line":15,"column":15},"end":{"line":15,"column":43}},"3":{"start":{"line":16,"column":17},"end":{"line":16,"column":32}},"4":{"start":{"line":17,"column":4},"end":{"line":25,"column":null}},"5":{"start":{"line":17,"column":17},"end":{"line":17,"column":18}},"6":{"start":{"line":27,"column":4},"end":{"line":27,"column":16}},"7":{"start":{"line":10,"column":0},"end":{"line":10,"column":16}}},"fnMap":{"0":{"name":"isLineRecord","decl":{"start":{"line":10,"column":16},"end":{"line":10,"column":28}},"loc":{"start":{"line":10,"column":43},"end":{"line":28,"column":1}}}},"branchMap":{"0":{"loc":{"start":{"line":11,"column":4},"end":{"line":13,"column":null}},"type":"if","locations":[{"start":{"line":11,"column":4},"end":{"line":13,"column":null}}]}},"s":{"0":122,"1":7,"2":115,"3":115,"4":115,"5":115,"6":115,"7":8},"f":{"0":122},"b":{"0":[7]}}
,"C:\\Data\\Projects\\tada5hi\\repositories\\ilingo\\src\\utils\\index.ts": {"path":"C:\\Data\\Projects\\tada5hi\\repositories\\ilingo\\src\\utils\\index.ts","statementMap":{"0":{"start":{"line":8,"column":0},"end":{"line":8,"column":23}},"1":{"start":{"line":9,"column":0},"end":{"line":9,"column":35}},"2":{"start":{"line":10,"column":0},"end":{"line":10,"column":27}},"3":{"start":{"line":11,"column":0},"end":{"line":11,"column":27}},"4":{"start":{"line":12,"column":0},"end":{"line":12,"column":27}}},"fnMap":{},"branchMap":{},"s":{"0":8,"1":8,"2":8,"3":8,"4":8},"f":{},"b":{}}
,"C:\\Data\\Projects\\tada5hi\\repositories\\ilingo\\src\\utils\\template.ts": {"path":"C:\\Data\\Projects\\tada5hi\\repositories\\ilingo\\src\\utils\\template.ts","statementMap":{"0":{"start":{"line":13,"column":4},"end":{"line":23,"column":16}},"1":{"start":{"line":18,"column":12},"end":{"line":20,"column":null}},"2":{"start":{"line":19,"column":16},"end":{"line":19,"column":61}},"3":{"start":{"line":22,"column":12},"end":{"line":22,"column":23}},"4":{"start":{"line":8,"column":0},"end":{"line":8,"column":16}}},"fnMap":{"0":{"name":"template","decl":{"start":{"line":8,"column":16},"end":{"line":8,"column":24}},"loc":{"start":{"line":11,"column":28},"end":{"line":24,"column":1}}},"1":{"name":"(anonymous_1)","decl":{"start":{"line":14,"column":16},"end":{"line":14,"column":null}},"loc":{"start":{"line":17,"column":12},"end":{"line":23,"column":9}}}},"branchMap":{"0":{"loc":{"start":{"line":11,"column":4},"end":{"line":11,"column":28}},"type":"default-arg","locations":[{"start":{"line":11,"column":12},"end":{"line":11,"column":28}}]},"1":{"loc":{"start":{"line":18,"column":12},"end":{"line":20,"column":null}},"type":"if","locations":[{"start":{"line":18,"column":12},"end":{"line":20,"column":null}}]}},"s":{"0":31,"1":13,"2":12,"3":1,"4":8},"f":{"0":31,"1":13},"b":{"0":[31],"1":[12]}}
,"C:\\Data\\Projects\\tada5hi\\repositories\\ilingo\\src\\utils\\to-array.ts": {"path":"C:\\Data\\Projects\\tada5hi\\repositories\\ilingo\\src\\utils\\to-array.ts","statementMap":{"0":{"start":{"line":9,"column":4},"end":{"line":9,"column":50}},"1":{"start":{"line":8,"column":0},"end":{"line":8,"column":16}}},"fnMap":{"0":{"name":"toArray","decl":{"start":{"line":8,"column":16},"end":{"line":8,"column":23}},"loc":{"start":{"line":8,"column":48},"end":{"line":10,"column":1}}}},"branchMap":{"0":{"loc":{"start":{"line":9,"column":11},"end":{"line":9,"column":49}},"type":"cond-expr","locations":[{"start":{"line":9,"column":34},"end":{"line":9,"column":39}},{"start":{"line":9,"column":42},"end":{"line":9,"column":49}}]}},"s":{"0":27,"1":8},"f":{"0":27},"b":{"0":[11,16]}}
}
