TN:
SF:src\index.server.ts
FNF:0
FNH:0
DA:8,1
DA:9,1
DA:10,1
DA:11,1
DA:12,1
LF:5
LH:5
BRF:0
BRH:0
end_of_record
TN:
SF:src\index.ts
FNF:0
FNH:0
DA:8,3
DA:9,3
DA:10,3
DA:11,3
DA:12,3
LF:5
LH:5
BRF:0
BRH:0
end_of_record
TN:
SF:src\module.ts
FN:28,(anonymous_0)
FN:42,(anonymous_1)
FN:46,(anonymous_2)
FN:52,(anonymous_3)
FN:67,(anonymous_4)
FN:97,(anonymous_5)
FN:129,(anonymous_6)
FN:138,(anonymous_7)
FN:174,(anonymous_8)
FN:186,(anonymous_9)
FN:194,(anonymous_10)
FN:202,(anonymous_11)
FN:208,(anonymous_12)
FN:220,(anonymous_13)
FN:232,(anonymous_14)
FN:249,(anonymous_15)
FN:270,(anonymous_16)
FN:274,(anonymous_17)
FNF:18
FNH:14
FNDA:10,(anonymous_0)
FNDA:4,(anonymous_1)
FNDA:32,(anonymous_2)
FNDA:2,(anonymous_3)
FNDA:13,(anonymous_4)
FNDA:16,(anonymous_5)
FNDA:29,(anonymous_6)
FNDA:27,(anonymous_7)
FNDA:29,(anonymous_8)
FNDA:11,(anonymous_9)
FNDA:11,(anonymous_10)
FNDA:0,(anonymous_11)
FNDA:15,(anonymous_12)
FNDA:0,(anonymous_13)
FNDA:2,(anonymous_14)
FNDA:10,(anonymous_15)
FNDA:0,(anonymous_16)
FNDA:0,(anonymous_17)
DA:8,5
DA:11,5
DA:17,5
DA:29,10
DA:31,10
DA:32,10
DA:34,10
DA:35,10
DA:37,10
DA:43,4
DA:47,32
DA:57,2
DA:58,2
DA:60,2
DA:62,2
DA:72,13
DA:78,13
DA:79,1
DA:82,12
DA:84,12
DA:89,6
DA:92,12
DA:94,12
DA:102,16
DA:108,16
DA:109,1
DA:112,15
DA:114,15
DA:119,5
DA:122,15
DA:124,15
DA:130,29
DA:131,29
DA:133,29
DA:139,27
DA:141,27
DA:145,0
DA:148,27
DA:149,15
DA:155,12
DA:156,12
DA:157,22
DA:158,12
DA:161,22
DA:162,22
DA:163,8
DA:166,14
DA:167,10
DA:171,4
DA:175,29
DA:187,11
DA:189,11
DA:191,11
DA:195,11
DA:197,11
DA:199,11
DA:203,0
DA:209,15
DA:211,15
DA:212,14
DA:215,15
DA:216,14
DA:225,0
DA:227,0
DA:229,0
DA:237,2
DA:239,2
DA:241,2
DA:253,10
DA:254,0
DA:257,10
DA:258,10
DA:259,2
DA:260,2
DA:261,2
DA:262,2
DA:264,0
DA:271,0
DA:275,0
DA:276,0
LF:80
LH:70
BRDA:58,0,0,2
BRDA:58,0,1,2
BRDA:78,1,0,1
BRDA:79,2,0,1
BRDA:79,2,1,0
BRDA:84,3,0,6
BRDA:85,4,0,12
BRDA:85,4,1,12
BRDA:85,4,2,6
BRDA:94,5,0,12
BRDA:94,5,1,2
BRDA:94,6,0,12
BRDA:94,6,1,0
BRDA:108,7,0,1
BRDA:109,8,0,1
BRDA:109,8,1,0
BRDA:114,9,0,5
BRDA:115,10,0,15
BRDA:115,10,1,15
BRDA:115,10,2,10
BRDA:124,11,0,15
BRDA:124,11,1,2
BRDA:124,12,0,15
BRDA:124,12,1,0
BRDA:139,13,0,27
BRDA:139,13,1,0
BRDA:141,14,0,0
BRDA:142,15,0,27
BRDA:142,15,1,27
BRDA:148,16,0,15
BRDA:157,17,0,12
BRDA:161,18,0,22
BRDA:161,18,1,0
BRDA:162,19,0,8
BRDA:166,20,0,10
BRDA:175,21,0,29
BRDA:175,21,1,0
BRDA:187,22,0,11
BRDA:187,22,1,0
BRDA:189,23,0,11
BRDA:189,23,1,11
BRDA:195,24,0,11
BRDA:195,24,1,0
BRDA:197,25,0,11
BRDA:197,25,1,0
BRDA:209,26,0,15
BRDA:209,26,1,0
BRDA:211,27,0,14
BRDA:215,28,0,14
BRDA:225,29,0,0
BRDA:225,29,1,0
BRDA:237,30,0,2
BRDA:237,30,1,0
BRDA:251,31,0,10
BRDA:253,32,0,0
BRDA:261,33,0,2
BRDA:261,33,1,0
BRF:57
BRH:40
end_of_record
TN:
SF:src\config\index.ts
FNF:0
FNH:0
DA:8,5
DA:9,5
DA:10,5
LF:3
LH:3
BRF:0
BRH:0
end_of_record
TN:
SF:src\config\module.ts
FN:13,useConfig
FN:25,setConfig
FN:29,hasConfig
FNF:3
FNH:3
FNDA:3,useConfig
FNDA:3,setConfig
FNDA:2,hasConfig
DA:9,5
DA:11,5
DA:13,5
DA:14,3
DA:16,3
DA:17,2
DA:20,1
DA:22,1
DA:25,5
DA:26,3
DA:29,5
DA:30,2
LF:12
LH:12
BRDA:14,0,0,3
BRDA:14,0,1,1
BRDA:16,1,0,2
BRDA:26,2,0,3
BRDA:26,2,1,3
BRDA:30,3,0,2
BRDA:30,3,1,2
BRF:7
BRH:7
end_of_record
TN:
SF:src\config\utils.ts
FN:10,buildConfig
FNF:1
FNH:1
FNDA:16,buildConfig
DA:10,5
DA:11,16
DA:13,16
DA:14,16
DA:15,11
DA:20,16
LF:6
LH:6
BRDA:11,0,0,16
BRDA:11,0,1,4
BRDA:14,1,0,11
BRDA:15,2,0,3
BRDA:15,2,1,8
BRDA:21,3,0,16
BRDA:21,3,1,9
BRDA:23,4,0,16
BRDA:23,4,1,13
BRF:9
BRH:9
end_of_record
TN:
SF:src\loader\index.ts
FNF:0
FNH:0
DA:8,4
DA:9,4
DA:10,4
LF:3
LH:3
BRF:0
BRH:0
end_of_record
TN:
SF:src\loader\module.ts
FN:14,load
FN:26,loadSync
FNF:2
FNH:2
FNDA:9,load
FNDA:7,loadSync
DA:9,4
DA:12,4
DA:14,4
DA:15,9
DA:17,8
DA:19,8
DA:20,1
DA:23,7
DA:26,4
DA:27,7
DA:29,7
DA:31,7
DA:32,1
DA:35,6
LF:14
LH:14
BRDA:15,0,0,1
BRDA:19,1,0,1
BRDA:27,2,0,0
BRDA:31,3,0,1
BRF:4
BRH:3
end_of_record
TN:
SF:src\loader\utils.ts
FN:11,buildLoaderFilePath
FNF:1
FNH:1
FNDA:15,buildLoaderFilePath
DA:8,4
DA:11,4
DA:12,15
LF:3
LH:3
BRDA:13,0,0,2
BRDA:13,0,1,13
BRF:2
BRH:2
end_of_record
TN:
SF:src\loader\file-type\index.ts
FNF:0
FNH:0
DA:8,4
DA:9,4
LF:2
LH:2
BRF:0
BRH:0
end_of_record
TN:
SF:src\loader\file-type\json.ts
FN:10,loadJsonLines
FN:19,loadJsonLinesSync
FNF:2
FNH:2
FNDA:1,loadJsonLines
FNDA:1,loadJsonLinesSync
DA:8,4
DA:10,4
DA:11,1
DA:12,1
DA:13,1
DA:15,0
DA:19,4
DA:20,1
DA:21,1
DA:22,1
DA:24,0
LF:11
LH:9
BRF:0
BRH:0
end_of_record
TN:
SF:src\loader\file-type\script.ts
FN:10,loadScript
FN:12,(anonymous_7)
FN:23,loadScriptSync
FNF:3
FNH:3
FNDA:7,loadScript
FNDA:7,(anonymous_7)
FNDA:6,loadScriptSync
DA:8,4
DA:10,4
DA:11,7
DA:12,7
DA:13,7
DA:14,7
DA:17,7
DA:19,0
DA:23,4
DA:24,6
DA:26,6
DA:27,6
DA:28,3
DA:31,6
DA:33,0
LF:15
LH:13
BRDA:13,0,0,7
BRDA:27,1,0,3
BRF:2
BRH:2
end_of_record
TN:
SF:src\locator\index.ts
FNF:0
FNH:0
DA:8,5
DA:9,5
DA:10,5
LF:3
LH:3
BRF:0
BRH:0
end_of_record
TN:
SF:src\locator\module.ts
FN:13,locateFile
FN:42,locateFileSync
FNF:2
FNH:2
FNDA:14,locateFile
FNDA:13,locateFileSync
DA:8,5
DA:9,5
DA:11,5
DA:13,5
DA:17,14
DA:19,14
DA:20,14
DA:22,14
DA:23,30
DA:25,30
DA:26,30
DA:28,11
DA:39,3
DA:42,5
DA:46,13
DA:48,13
DA:49,13
DA:51,13
DA:52,27
DA:54,27
DA:55,27
DA:57,10
DA:68,3
LF:23
LH:23
BRF:0
BRH:0
end_of_record
TN:
SF:src\locator\utils.ts
FN:12,buildLocatorOptions
FN:20,(anonymous_2)
FNF:2
FNH:2
FNDA:27,buildLocatorOptions
FNDA:27,(anonymous_2)
DA:8,5
DA:10,5
DA:12,5
DA:13,27
DA:14,27
DA:15,27
DA:16,27
DA:17,27
DA:18,0
DA:20,27
DA:22,27
DA:25,27
LF:12
LH:11
BRDA:12,0,0,0
BRDA:13,1,0,27
BRDA:13,1,1,0
BRDA:14,2,0,27
BRDA:14,2,1,4
BRDA:15,3,0,27
BRDA:15,3,1,0
BRDA:17,4,0,0
BRDA:20,5,0,27
BRDA:20,5,1,0
BRDA:22,6,0,0
BRDA:22,6,1,27
BRF:12
BRH:6
end_of_record
TN:
SF:src\server\helper.ts
FN:10,lang
FN:19,langSync
FNF:2
FNH:2
FNDA:1,lang
FNDA:1,langSync
DA:8,3
DA:10,3
DA:15,1
DA:19,3
DA:24,1
LF:5
LH:5
BRF:0
BRH:0
end_of_record
TN:
SF:src\server\index.ts
FNF:0
FNH:0
DA:8,3
DA:9,3
DA:10,3
LF:3
LH:3
BRF:0
BRH:0
end_of_record
TN:
SF:src\server\module.ts
FN:16,(anonymous_0)
FN:20,(anonymous_1)
FN:48,(anonymous_2)
FNF:3
FNH:3
FNDA:10,(anonymous_0)
FNDA:6,(anonymous_1)
FNDA:5,(anonymous_2)
DA:9,3
DA:10,3
DA:11,3
DA:12,3
DA:14,3
DA:17,10
DA:21,6
DA:24,6
DA:29,6
DA:30,6
DA:32,6
DA:37,6
DA:38,1
DA:41,5
DA:43,5
DA:45,5
DA:49,5
DA:51,5
DA:56,5
DA:57,5
DA:59,5
DA:64,5
DA:65,1
DA:68,4
DA:70,4
DA:72,4
LF:26
LH:26
BRDA:21,0,0,6
BRDA:21,0,1,0
BRDA:24,1,0,0
BRDA:37,2,0,1
BRDA:43,3,0,5
BRDA:43,3,1,0
BRDA:49,4,0,5
BRDA:49,4,1,0
BRDA:51,5,0,0
BRDA:64,6,0,1
BRDA:70,7,0,4
BRDA:70,7,1,0
BRF:12
BRH:6
end_of_record
TN:
SF:src\server\singleton.ts
FN:13,useIlingo
FNF:1
FNH:1
FNDA:4,useIlingo
DA:8,3
DA:9,3
DA:11,3
DA:13,3
DA:14,4
DA:16,4
DA:17,2
DA:20,2
DA:21,2
DA:23,2
DA:25,2
LF:11
LH:11
BRDA:14,0,0,4
BRDA:14,0,1,4
BRDA:16,1,0,2
BRF:3
BRH:3
end_of_record
TN:
SF:src\utils\args.ts
FN:8,parseArgsToDataAndLocale
FNF:1
FNH:1
FNDA:29,parseArgsToDataAndLocale
DA:8,8
DA:13,29
DA:14,29
DA:15,29
DA:17,29
DA:21,3
DA:24,26
DA:26,26
LF:8
LH:8
BRDA:13,0,0,29
BRDA:13,0,1,0
BRDA:14,1,0,29
BRDA:14,1,1,29
BRDA:15,2,0,29
BRDA:15,2,1,0
BRDA:17,3,0,3
BRDA:18,4,0,29
BRDA:18,4,1,3
BRDA:24,5,0,0
BRDA:24,5,1,26
BRDA:27,6,0,26
BRDA:27,6,1,11
BRDA:28,7,0,26
BRDA:28,7,1,23
BRF:15
BRH:12
end_of_record
TN:
SF:src\utils\has-own-property.ts
FN:9,hasOwnProperty
FNF:1
FNH:1
FNDA:13,hasOwnProperty
DA:9,8
DA:10,13
LF:2
LH:2
BRF:0
BRH:0
end_of_record
TN:
SF:src\utils\identify.ts
FN:10,isLineRecord
FNF:1
FNH:1
FNDA:122,isLineRecord
DA:10,8
DA:11,122
DA:12,7
DA:15,115
DA:16,115
DA:17,115
DA:27,115
LF:7
LH:7
BRDA:11,0,0,7
BRF:1
BRH:1
end_of_record
TN:
SF:src\utils\index.ts
FNF:0
FNH:0
DA:8,8
DA:9,8
DA:10,8
DA:11,8
DA:12,8
LF:5
LH:5
BRF:0
BRH:0
end_of_record
TN:
SF:src\utils\template.ts
FN:8,template
FN:14,(anonymous_1)
FNF:2
FNH:2
FNDA:31,template
FNDA:13,(anonymous_1)
DA:8,8
DA:13,31
DA:18,13
DA:19,12
DA:22,1
LF:5
LH:5
BRDA:11,0,0,31
BRDA:18,1,0,12
BRF:2
BRH:2
end_of_record
TN:
SF:src\utils\to-array.ts
FN:8,toArray
FNF:1
FNH:1
FNDA:27,toArray
DA:8,8
DA:9,27
LF:2
LH:2
BRDA:9,0,0,11
BRDA:9,0,1,16
BRF:2
BRH:2
end_of_record
